
> vipfy_graphql_server@1.0.0 start /home/gh05d/vipfy-backend
> ENVIRONMENT=development nodemon --exec babel-node src/index.js

[33m[nodemon] 1.12.5[39m
[33m[nodemon] to restart at any time, enter `rs`[39m
[33m[nodemon] watching: *.*[39m
[32m[nodemon] starting `babel-node src/index.js`[39m
Executing (default): CREATE TABLE IF NOT EXISTS "unit_data" ("id"   SERIAL , "payingoptions" JSONB, "banned" BOOLEAN DEFAULT false, "deleted" BOOLEAN DEFAULT false, "suspended" BOOLEAN DEFAULT false, "profilepicture" TEXT, "riskvalue" INTEGER, "createdate" TIME, "position" TEXT, PRIMARY KEY ("id"));
Executing (default): SELECT i.relname AS name, ix.indisprimary AS primary, ix.indisunique AS unique, ix.indkey AS indkey, array_agg(a.attnum) as column_indexes, array_agg(a.attname) AS column_names, pg_get_indexdef(ix.indexrelid) AS definition FROM pg_class t, pg_class i, pg_index ix, pg_attribute a WHERE t.oid = ix.indrelid AND i.oid = ix.indexrelid AND a.attrelid = t.oid AND t.relkind = 'r' and t.relname = 'unit_data' GROUP BY i.relname, ix.indexrelid, ix.indisprimary, ix.indisunique, ix.indkey ORDER BY i.relname;
Executing (default): CREATE TABLE IF NOT EXISTS "address_data" ("id"   SERIAL , "country" CHAR(2) NOT NULL, "address" JSONB, "description" TEXT, "priority" INTEGER, "tag" TEXT, "unitid" INTEGER REFERENCES "unit_data" ("id") ON DELETE SET NULL ON UPDATE CASCADE, PRIMARY KEY ("id"));
Executing (default): SELECT i.relname AS name, ix.indisprimary AS primary, ix.indisunique AS unique, ix.indkey AS indkey, array_agg(a.attnum) as column_indexes, array_agg(a.attname) AS column_names, pg_get_indexdef(ix.indexrelid) AS definition FROM pg_class t, pg_class i, pg_index ix, pg_attribute a WHERE t.oid = ix.indrelid AND i.oid = ix.indexrelid AND a.attrelid = t.oid AND t.relkind = 'r' and t.relname = 'address_data' GROUP BY i.relname, ix.indexrelid, ix.indisprimary, ix.indisunique, ix.indkey ORDER BY i.relname;
Executing (default): CREATE TABLE IF NOT EXISTS "app_data" ("id"   SERIAL , "name" VARCHAR(255) NOT NULL UNIQUE, "commission" JSONB, "logo" TEXT, "description" TEXT, "teaserdescription" TEXT, "website" TEXT, "images" TEXT[], "features" JSONB, "options" JSONB, "disabled" BOOLEAN DEFAULT true, "developer" INTEGER REFERENCES "unit_data" ("id") ON DELETE SET NULL ON UPDATE CASCADE, "supportunit" INTEGER REFERENCES "unit_data" ("id") ON DELETE SET NULL ON UPDATE CASCADE, UNIQUE ("name"), PRIMARY KEY ("id"));
Executing (default): SELECT i.relname AS name, ix.indisprimary AS primary, ix.indisunique AS unique, ix.indkey AS indkey, array_agg(a.attnum) as column_indexes, array_agg(a.attname) AS column_names, pg_get_indexdef(ix.indexrelid) AS definition FROM pg_class t, pg_class i, pg_index ix, pg_attribute a WHERE t.oid = ix.indrelid AND i.oid = ix.indexrelid AND a.attrelid = t.oid AND t.relkind = 'r' and t.relname = 'app_data' GROUP BY i.relname, ix.indexrelid, ix.indisprimary, ix.indisunique, ix.indkey ORDER BY i.relname;
Executing (default): CREATE TABLE IF NOT EXISTS "app_details" ("id"   SERIAL , "name" TEXT UNIQUE, "commission" JSONB, "developername" TEXT, "logo" TEXT, "description" TEXT, "teaserdescription" TEXT, "website" TEXT, "images" TEXT[], "features" JSONB, "options" JSONB, "disabled" BOOLEAN DEFAULT true, "avgstars" DOUBLE PRECISION, "cheapestprice" DOUBLE PRECISION, "cheapestpromo" DOUBLE PRECISION, "supportwebsite" TEXT, "supportphone" TEXT, "developerwebsite" TEXT, "developer" INTEGER REFERENCES "unit_data" ("id") ON DELETE SET NULL ON UPDATE CASCADE, "supportunit" INTEGER REFERENCES "unit_data" ("id") ON DELETE SET NULL ON UPDATE CASCADE, UNIQUE ("name"), PRIMARY KEY ("id"));
Executing (default): SELECT i.relname AS name, ix.indisprimary AS primary, ix.indisunique AS unique, ix.indkey AS indkey, array_agg(a.attnum) as column_indexes, array_agg(a.attname) AS column_names, pg_get_indexdef(ix.indexrelid) AS definition FROM pg_class t, pg_class i, pg_index ix, pg_attribute a WHERE t.oid = ix.indrelid AND i.oid = ix.indexrelid AND a.attrelid = t.oid AND t.relkind = 'r' and t.relname = 'app_details' GROUP BY i.relname, ix.indexrelid, ix.indisprimary, ix.indisunique, ix.indkey ORDER BY i.relname;
Executing (default): CREATE TABLE IF NOT EXISTS "bill_data" ("id"   SERIAL , "type" BOOLEAN, "billtime" TIME, "paytime" TIME, "stornotime" TIME, "unitid" INTEGER REFERENCES "unit_data" ("id") ON DELETE SET NULL ON UPDATE CASCADE, PRIMARY KEY ("id"));
Executing (default): SELECT i.relname AS name, ix.indisprimary AS primary, ix.indisunique AS unique, ix.indkey AS indkey, array_agg(a.attnum) as column_indexes, array_agg(a.attname) AS column_names, pg_get_indexdef(ix.indexrelid) AS definition FROM pg_class t, pg_class i, pg_index ix, pg_attribute a WHERE t.oid = ix.indrelid AND i.oid = ix.indexrelid AND a.attrelid = t.oid AND t.relkind = 'r' and t.relname = 'bill_data' GROUP BY i.relname, ix.indexrelid, ix.indisprimary, ix.indisunique, ix.indkey ORDER BY i.relname;
Executing (default): CREATE TABLE IF NOT EXISTS "plan_data" ("id"   SERIAL , "name" TEXT, "teaserdescription" TEXT, "features" JSONB, "startdate" TIME, "enddate" TIME, "numlicences" INTEGER, "price" DECIMAL(10,2), "currency" CHAR(3) DEFAULT 'USD', "options" JSONB, "payperiod" JSONB, "cancelperiod" JSONB, "optional" BOOLEAN DEFAULT false, "gototime" TEXT, "appid" INTEGER REFERENCES "app_data" ("id") ON DELETE SET NULL ON UPDATE CASCADE, "gotoplan" INTEGER REFERENCES "plan_data" ("id") ON DELETE SET NULL ON UPDATE CASCADE, "mainplan" INTEGER REFERENCES "plan_data" ("id") ON DELETE SET NULL ON UPDATE CASCADE, PRIMARY KEY ("id"));
Executing (default): SELECT i.relname AS name, ix.indisprimary AS primary, ix.indisunique AS unique, ix.indkey AS indkey, array_agg(a.attnum) as column_indexes, array_agg(a.attname) AS column_names, pg_get_indexdef(ix.indexrelid) AS definition FROM pg_class t, pg_class i, pg_index ix, pg_attribute a WHERE t.oid = ix.indrelid AND i.oid = ix.indexrelid AND a.attrelid = t.oid AND t.relkind = 'r' and t.relname = 'plan_data' GROUP BY i.relname, ix.indexrelid, ix.indisprimary, ix.indisunique, ix.indkey ORDER BY i.relname;
Executing (default): CREATE TABLE IF NOT EXISTS "billposition_data" ("id"   SERIAL , "positiontext" TEXT, "amount" DECIMAL(10,2) NOT NULL, "currency" CHAR(3) DEFAULT 'USD', "billid" INTEGER REFERENCES "bill_data" ("id") ON DELETE SET NULL ON UPDATE CASCADE, "planid" INTEGER REFERENCES "plan_data" ("id") ON DELETE SET NULL ON UPDATE CASCADE, "vendor" INTEGER REFERENCES "unit_data" ("id") ON DELETE SET NULL ON UPDATE CASCADE, PRIMARY KEY ("id"));
Executing (default): SELECT i.relname AS name, ix.indisprimary AS primary, ix.indisunique AS unique, ix.indkey AS indkey, array_agg(a.attnum) as column_indexes, array_agg(a.attname) AS column_names, pg_get_indexdef(ix.indexrelid) AS definition FROM pg_class t, pg_class i, pg_index ix, pg_attribute a WHERE t.oid = ix.indrelid AND i.oid = ix.indexrelid AND a.attrelid = t.oid AND t.relkind = 'r' and t.relname = 'billposition_data' GROUP BY i.relname, ix.indexrelid, ix.indisprimary, ix.indisunique, ix.indkey ORDER BY i.relname;
Executing (default): CREATE TABLE IF NOT EXISTS "boughtplan_data" ("id"   SERIAL , "buytime" TIME, "endtime" TIME, "key" JSONB, "disabled" BOOLEAN NOT NULL, "buyer" INTEGER REFERENCES "unit_data" ("id") ON DELETE SET NULL ON UPDATE CASCADE, "planid" INTEGER REFERENCES "plan_data" ("id") ON DELETE SET NULL ON UPDATE CASCADE, "predecessor" INTEGER REFERENCES "plan_data" ("id") ON DELETE SET NULL ON UPDATE CASCADE, PRIMARY KEY ("id"));
Executing (default): SELECT i.relname AS name, ix.indisprimary AS primary, ix.indisunique AS unique, ix.indkey AS indkey, array_agg(a.attnum) as column_indexes, array_agg(a.attname) AS column_names, pg_get_indexdef(ix.indexrelid) AS definition FROM pg_class t, pg_class i, pg_index ix, pg_attribute a WHERE t.oid = ix.indrelid AND i.oid = ix.indexrelid AND a.attrelid = t.oid AND t.relkind = 'r' and t.relname = 'boughtplan_data' GROUP BY i.relname, ix.indexrelid, ix.indisprimary, ix.indisunique, ix.indkey ORDER BY i.relname;
Executing (default): CREATE TABLE IF NOT EXISTS "boughtsubplan_data" ("boughtplanind" INTEGER REFERENCES "boughtplan_data" ("id") ON DELETE SET NULL ON UPDATE CASCADE, "subplanid" INTEGER REFERENCES "plan_data" ("id") ON DELETE SET NULL ON UPDATE CASCADE);
Executing (default): SELECT i.relname AS name, ix.indisprimary AS primary, ix.indisunique AS unique, ix.indkey AS indkey, array_agg(a.attnum) as column_indexes, array_agg(a.attname) AS column_names, pg_get_indexdef(ix.indexrelid) AS definition FROM pg_class t, pg_class i, pg_index ix, pg_attribute a WHERE t.oid = ix.indrelid AND i.oid = ix.indexrelid AND a.attrelid = t.oid AND t.relkind = 'r' and t.relname = 'boughtsubplan_data' GROUP BY i.relname, ix.indexrelid, ix.indisprimary, ix.indisunique, ix.indkey ORDER BY i.relname;
Executing (default): CREATE TABLE IF NOT EXISTS "department_view" ("name" VARCHAR(255), "legalinformation" JSONB, "staticdata" JSONB, "profilepicture" VARCHAR(255), "banned" BOOLEAN, "deleted" BOOLEAN, "suspended" BOOLEAN, "unitid" INTEGER REFERENCES "unit_data" ("id") ON DELETE SET NULL ON UPDATE CASCADE);
Executing (default): SELECT i.relname AS name, ix.indisprimary AS primary, ix.indisunique AS unique, ix.indkey AS indkey, array_agg(a.attnum) as column_indexes, array_agg(a.attname) AS column_names, pg_get_indexdef(ix.indexrelid) AS definition FROM pg_class t, pg_class i, pg_index ix, pg_attribute a WHERE t.oid = ix.indrelid AND i.oid = ix.indexrelid AND a.attrelid = t.oid AND t.relkind = 'r' and t.relname = 'department_view' GROUP BY i.relname, ix.indexrelid, ix.indisprimary, ix.indisunique, ix.indkey ORDER BY i.relname;
Executing (default): CREATE TABLE IF NOT EXISTS "department_data" ("name" TEXT, "legalinformation" JSONB, "staticdata" JSONB, "unitid" INTEGER REFERENCES "unit_data" ("id") ON DELETE SET NULL ON UPDATE CASCADE);
Executing (default): SELECT i.relname AS name, ix.indisprimary AS primary, ix.indisunique AS unique, ix.indkey AS indkey, array_agg(a.attnum) as column_indexes, array_agg(a.attname) AS column_names, pg_get_indexdef(ix.indexrelid) AS definition FROM pg_class t, pg_class i, pg_index ix, pg_attribute a WHERE t.oid = ix.indrelid AND i.oid = ix.indexrelid AND a.attrelid = t.oid AND t.relkind = 'r' and t.relname = 'department_data' GROUP BY i.relname, ix.indexrelid, ix.indisprimary, ix.indisunique, ix.indkey ORDER BY i.relname;
Executing (default): CREATE TABLE IF NOT EXISTS "email_data" ("email" TEXT NOT NULL UNIQUE, "verified" BOOLEAN DEFAULT false, "autogenerated" BOOLEAN DEFAULT false, "description" TEXT, "priority" INTEGER, "tag" TEXT, "unitid" INTEGER REFERENCES "unit_data" ("id") ON DELETE SET NULL ON UPDATE CASCADE, UNIQUE ("email"));
Executing (default): SELECT i.relname AS name, ix.indisprimary AS primary, ix.indisunique AS unique, ix.indkey AS indkey, array_agg(a.attnum) as column_indexes, array_agg(a.attname) AS column_names, pg_get_indexdef(ix.indexrelid) AS definition FROM pg_class t, pg_class i, pg_index ix, pg_attribute a WHERE t.oid = ix.indrelid AND i.oid = ix.indexrelid AND a.attrelid = t.oid AND t.relkind = 'r' and t.relname = 'email_data' GROUP BY i.relname, ix.indexrelid, ix.indisprimary, ix.indisunique, ix.indkey ORDER BY i.relname;
Executing (default): SELECT t.typname enum_name, array_agg(e.enumlabel ORDER BY enumsortorder) enum_value FROM pg_type t JOIN pg_enum e ON t.oid = e.enumtypid JOIN pg_catalog.pg_namespace n ON n.oid = t.typnamespace WHERE n.nspname = 'public' AND t.typname='enum_human_data_sex' GROUP BY 1
Executing (default): CREATE TABLE IF NOT EXISTS "human_data" ("firstname" VARCHAR(255) DEFAULT 'not specified yet', "middlename" VARCHAR(255), "lastname" VARCHAR(255) DEFAULT 'not specified yet', "title" VARCHAR(255), "sex" "public"."enum_human_data_sex", "passwordhash" TEXT, "birthday" DATE, "lastactive" TIME, "resetoption" INTEGER, "language" TEXT, "unitid" INTEGER REFERENCES "unit_data" ("id") ON DELETE SET NULL ON UPDATE CASCADE);
Executing (default): SELECT i.relname AS name, ix.indisprimary AS primary, ix.indisunique AS unique, ix.indkey AS indkey, array_agg(a.attnum) as column_indexes, array_agg(a.attname) AS column_names, pg_get_indexdef(ix.indexrelid) AS definition FROM pg_class t, pg_class i, pg_index ix, pg_attribute a WHERE t.oid = ix.indrelid AND i.oid = ix.indexrelid AND a.attrelid = t.oid AND t.relkind = 'r' and t.relname = 'human_data' GROUP BY i.relname, ix.indexrelid, ix.indisprimary, ix.indisunique, ix.indkey ORDER BY i.relname;
Executing (default): CREATE TABLE IF NOT EXISTS "licence_data" ("options" JSONB, "starttime" TIME, "endtime" TIME, "agreed" BOOLEAN, "disabled" BOOLEAN, "key" JSONB, "boughtplanid" INTEGER REFERENCES "boughtplan_data" ("id") ON DELETE SET NULL ON UPDATE CASCADE, "unitid" INTEGER REFERENCES "unit_data" ("id") ON DELETE SET NULL ON UPDATE CASCADE);
Executing (default): SELECT i.relname AS name, ix.indisprimary AS primary, ix.indisunique AS unique, ix.indkey AS indkey, array_agg(a.attnum) as column_indexes, array_agg(a.attname) AS column_names, pg_get_indexdef(ix.indexrelid) AS definition FROM pg_class t, pg_class i, pg_index ix, pg_attribute a WHERE t.oid = ix.indrelid AND i.oid = ix.indexrelid AND a.attrelid = t.oid AND t.relkind = 'r' and t.relname = 'licence_data' GROUP BY i.relname, ix.indexrelid, ix.indisprimary, ix.indisunique, ix.indkey ORDER BY i.relname;
Executing (default): CREATE TABLE IF NOT EXISTS "log_data" ("id"   SERIAL , "time" TIMESTAMP WITH TIME ZONE, "eventtype" TEXT, "eventdata" JSONB, "ip" TEXT, "user" INTEGER REFERENCES "unit_data" ("id") ON DELETE SET NULL ON UPDATE CASCADE, "sudoer" INTEGER REFERENCES "unit_data" ("id") ON DELETE SET NULL ON UPDATE CASCADE, PRIMARY KEY ("id"));
Executing (default): SELECT i.relname AS name, ix.indisprimary AS primary, ix.indisunique AS unique, ix.indkey AS indkey, array_agg(a.attnum) as column_indexes, array_agg(a.attname) AS column_names, pg_get_indexdef(ix.indexrelid) AS definition FROM pg_class t, pg_class i, pg_index ix, pg_attribute a WHERE t.oid = ix.indrelid AND i.oid = ix.indexrelid AND a.attrelid = t.oid AND t.relkind = 'r' and t.relname = 'log_data' GROUP BY i.relname, ix.indexrelid, ix.indisprimary, ix.indisunique, ix.indkey ORDER BY i.relname;
Executing (default): CREATE TABLE IF NOT EXISTS "login_view" ("banned" BOOLEAN, "suspended" BOOLEAN, "deleted" BOOLEAN, "verified" BOOLEAN, "email" VARCHAR(255), "passwordhash" VARCHAR(255), "unitid" INTEGER REFERENCES "unit_data" ("id") ON DELETE SET NULL ON UPDATE CASCADE);
Executing (default): SELECT i.relname AS name, ix.indisprimary AS primary, ix.indisunique AS unique, ix.indkey AS indkey, array_agg(a.attnum) as column_indexes, array_agg(a.attname) AS column_names, pg_get_indexdef(ix.indexrelid) AS definition FROM pg_class t, pg_class i, pg_index ix, pg_attribute a WHERE t.oid = ix.indrelid AND i.oid = ix.indexrelid AND a.attrelid = t.oid AND t.relkind = 'r' and t.relname = 'login_view' GROUP BY i.relname, ix.indexrelid, ix.indisprimary, ix.indisunique, ix.indkey ORDER BY i.relname;
Executing (default): CREATE TABLE IF NOT EXISTS "message_view" ("id"   SERIAL , "sendtime" TIMESTAMP WITH TIME ZONE, "senderpicture" VARCHAR(255), "sendername" VARCHAR(255), "readtime" TIMESTAMP WITH TIME ZONE, "archivetimesender" TIMESTAMP WITH TIME ZONE, "archivetimereceiver" TIMESTAMP WITH TIME ZONE, "tag" TEXT[], "messagetext" TEXT NOT NULL, "receiver" INTEGER REFERENCES "unit_data" ("id") ON DELETE SET NULL ON UPDATE CASCADE, PRIMARY KEY ("id"));
Executing (default): SELECT i.relname AS name, ix.indisprimary AS primary, ix.indisunique AS unique, ix.indkey AS indkey, array_agg(a.attnum) as column_indexes, array_agg(a.attname) AS column_names, pg_get_indexdef(ix.indexrelid) AS definition FROM pg_class t, pg_class i, pg_index ix, pg_attribute a WHERE t.oid = ix.indrelid AND i.oid = ix.indexrelid AND a.attrelid = t.oid AND t.relkind = 'r' and t.relname = 'message_view' GROUP BY i.relname, ix.indexrelid, ix.indisprimary, ix.indisunique, ix.indkey ORDER BY i.relname;
Executing (default): CREATE TABLE IF NOT EXISTS "message_data" ("id"   SERIAL , "sendtime" TIMESTAMP WITH TIME ZONE, "readtime" TIMESTAMP WITH TIME ZONE, "archivetimesender" TIMESTAMP WITH TIME ZONE, "archivetimereceiver" TIMESTAMP WITH TIME ZONE, "tag" TEXT[], "messagetext" TEXT NOT NULL, "receiver" INTEGER REFERENCES "unit_data" ("id") ON DELETE SET NULL ON UPDATE CASCADE, "sender" INTEGER REFERENCES "unit_data" ("id") ON DELETE SET NULL ON UPDATE CASCADE, PRIMARY KEY ("id"));
Executing (default): SELECT i.relname AS name, ix.indisprimary AS primary, ix.indisunique AS unique, ix.indkey AS indkey, array_agg(a.attnum) as column_indexes, array_agg(a.attname) AS column_names, pg_get_indexdef(ix.indexrelid) AS definition FROM pg_class t, pg_class i, pg_index ix, pg_attribute a WHERE t.oid = ix.indrelid AND i.oid = ix.indexrelid AND a.attrelid = t.oid AND t.relkind = 'r' and t.relname = 'message_data' GROUP BY i.relname, ix.indexrelid, ix.indisprimary, ix.indisunique, ix.indkey ORDER BY i.relname;
Executing (default): CREATE TABLE IF NOT EXISTS "newsletter_data" ("activesince" TIMESTAMP WITH TIME ZONE, "activeuntil" TIMESTAMP WITH TIME ZONE);
Executing (default): SELECT i.relname AS name, ix.indisprimary AS primary, ix.indisunique AS unique, ix.indkey AS indkey, array_agg(a.attnum) as column_indexes, array_agg(a.attname) AS column_names, pg_get_indexdef(ix.indexrelid) AS definition FROM pg_class t, pg_class i, pg_index ix, pg_attribute a WHERE t.oid = ix.indrelid AND i.oid = ix.indexrelid AND a.attrelid = t.oid AND t.relkind = 'r' and t.relname = 'newsletter_data' GROUP BY i.relname, ix.indexrelid, ix.indisprimary, ix.indisunique, ix.indkey ORDER BY i.relname;
Executing (default): CREATE TABLE IF NOT EXISTS "parentunit_data" ("parentunit" INTEGER REFERENCES "unit_data" ("id") ON DELETE SET NULL ON UPDATE CASCADE, "childunit" INTEGER REFERENCES "unit_data" ("id") ON DELETE SET NULL ON UPDATE CASCADE);
Executing (default): SELECT i.relname AS name, ix.indisprimary AS primary, ix.indisunique AS unique, ix.indkey AS indkey, array_agg(a.attnum) as column_indexes, array_agg(a.attname) AS column_names, pg_get_indexdef(ix.indexrelid) AS definition FROM pg_class t, pg_class i, pg_index ix, pg_attribute a WHERE t.oid = ix.indrelid AND i.oid = ix.indexrelid AND a.attrelid = t.oid AND t.relkind = 'r' and t.relname = 'parentunit_data' GROUP BY i.relname, ix.indexrelid, ix.indisprimary, ix.indisunique, ix.indkey ORDER BY i.relname;
Executing (default): CREATE TABLE IF NOT EXISTS "phone_data" ("number" TEXT NOT NULL, "verified" BOOLEAN, "autogenerated" BOOLEAN DEFAULT false, "description" TEXT, "priority" INTEGER, "tag" TEXT, "unitid" INTEGER REFERENCES "unit_data" ("id") ON DELETE SET NULL ON UPDATE CASCADE);
Executing (default): SELECT i.relname AS name, ix.indisprimary AS primary, ix.indisunique AS unique, ix.indkey AS indkey, array_agg(a.attnum) as column_indexes, array_agg(a.attname) AS column_names, pg_get_indexdef(ix.indexrelid) AS definition FROM pg_class t, pg_class i, pg_index ix, pg_attribute a WHERE t.oid = ix.indrelid AND i.oid = ix.indexrelid AND a.attrelid = t.oid AND t.relkind = 'r' and t.relname = 'phone_data' GROUP BY i.relname, ix.indexrelid, ix.indisprimary, ix.indisunique, ix.indkey ORDER BY i.relname;
Executing (default): CREATE TABLE IF NOT EXISTS "plans_running" ("id"   SERIAL , "name" TEXT, "teaserdescription" TEXT, "features" JSONB, "startdate" TIME, "enddate" TIME, "numlicences" INTEGER, "price" DECIMAL(10,2), "currency" CHAR(3) DEFAULT 'USD', "options" JSONB, "appid" INTEGER REFERENCES "app_data" ("id") ON DELETE SET NULL ON UPDATE CASCADE, PRIMARY KEY ("id"));
Executing (default): SELECT i.relname AS name, ix.indisprimary AS primary, ix.indisunique AS unique, ix.indkey AS indkey, array_agg(a.attnum) as column_indexes, array_agg(a.attname) AS column_names, pg_get_indexdef(ix.indexrelid) AS definition FROM pg_class t, pg_class i, pg_index ix, pg_attribute a WHERE t.oid = ix.indrelid AND i.oid = ix.indexrelid AND a.attrelid = t.oid AND t.relkind = 'r' and t.relname = 'plans_running' GROUP BY i.relname, ix.indexrelid, ix.indisprimary, ix.indisunique, ix.indkey ORDER BY i.relname;
Executing (default): CREATE TABLE IF NOT EXISTS "promo_data" ("id"   SERIAL , "name" TEXT, "startdate" TIME, "enddate" TIME, "restrictions" JSONB, "description" TEXT, "discount" JSONB, "planid" INTEGER REFERENCES "plan_data" ("id") ON DELETE SET NULL ON UPDATE CASCADE, "sponsor" INTEGER REFERENCES "unit_data" ("id") ON DELETE SET NULL ON UPDATE CASCADE, PRIMARY KEY ("id"));
Executing (default): SELECT i.relname AS name, ix.indisprimary AS primary, ix.indisunique AS unique, ix.indkey AS indkey, array_agg(a.attnum) as column_indexes, array_agg(a.attname) AS column_names, pg_get_indexdef(ix.indexrelid) AS definition FROM pg_class t, pg_class i, pg_index ix, pg_attribute a WHERE t.oid = ix.indrelid AND i.oid = ix.indexrelid AND a.attrelid = t.oid AND t.relkind = 'r' and t.relname = 'promo_data' GROUP BY i.relname, ix.indexrelid, ix.indisprimary, ix.indisunique, ix.indkey ORDER BY i.relname;
Executing (default): CREATE TABLE IF NOT EXISTS "promos_running" ("id"   SERIAL , "name" TEXT, "startdate" TIME, "enddate" TIME, "restrictions" JSONB, "description" TEXT, "discount" JSONB, "planid" INTEGER REFERENCES "plan_data" ("id") ON DELETE SET NULL ON UPDATE CASCADE, "sponsor" INTEGER REFERENCES "unit_data" ("id") ON DELETE SET NULL ON UPDATE CASCADE, PRIMARY KEY ("id"));
Executing (default): SELECT i.relname AS name, ix.indisprimary AS primary, ix.indisunique AS unique, ix.indkey AS indkey, array_agg(a.attnum) as column_indexes, array_agg(a.attname) AS column_names, pg_get_indexdef(ix.indexrelid) AS definition FROM pg_class t, pg_class i, pg_index ix, pg_attribute a WHERE t.oid = ix.indrelid AND i.oid = ix.indexrelid AND a.attrelid = t.oid AND t.relkind = 'r' and t.relname = 'promos_running' GROUP BY i.relname, ix.indexrelid, ix.indisprimary, ix.indisunique, ix.indkey ORDER BY i.relname;
Executing (default): CREATE TABLE IF NOT EXISTS "review_view" ("id"   SERIAL , "reviewdate" TIMESTAMP WITH TIME ZONE, "stars" SMALLINT NOT NULL DEFAULT 0, "counthelpful" SMALLINT, "countunhelpful" SMALLINT, "countcomment" SMALLINT, "reviewtext" TEXT, "unitid" INTEGER REFERENCES "unit_data" ("id") ON DELETE SET NULL ON UPDATE CASCADE, "appid" INTEGER REFERENCES "app_data" ("id") ON DELETE SET NULL ON UPDATE CASCADE, "answerto" INTEGER REFERENCES "review_view" ("id") ON DELETE SET NULL ON UPDATE CASCADE, PRIMARY KEY ("id"));
Executing (default): SELECT i.relname AS name, ix.indisprimary AS primary, ix.indisunique AS unique, ix.indkey AS indkey, array_agg(a.attnum) as column_indexes, array_agg(a.attname) AS column_names, pg_get_indexdef(ix.indexrelid) AS definition FROM pg_class t, pg_class i, pg_index ix, pg_attribute a WHERE t.oid = ix.indrelid AND i.oid = ix.indexrelid AND a.attrelid = t.oid AND t.relkind = 'r' and t.relname = 'review_view' GROUP BY i.relname, ix.indexrelid, ix.indisprimary, ix.indisunique, ix.indkey ORDER BY i.relname;
Executing (default): CREATE TABLE IF NOT EXISTS "reviewhelpful_data" ("helpfuldate" TIMESTAMP WITH TIME ZONE, "comment" TEXT, "balance" INTEGER, "reviewid" INTEGER REFERENCES "review_view" ("id") ON DELETE SET NULL ON UPDATE CASCADE, "unitid" INTEGER REFERENCES "unit_data" ("id") ON DELETE SET NULL ON UPDATE CASCADE);
Executing (default): SELECT i.relname AS name, ix.indisprimary AS primary, ix.indisunique AS unique, ix.indkey AS indkey, array_agg(a.attnum) as column_indexes, array_agg(a.attname) AS column_names, pg_get_indexdef(ix.indexrelid) AS definition FROM pg_class t, pg_class i, pg_index ix, pg_attribute a WHERE t.oid = ix.indrelid AND i.oid = ix.indexrelid AND a.attrelid = t.oid AND t.relkind = 'r' and t.relname = 'reviewhelpful_data' GROUP BY i.relname, ix.indexrelid, ix.indisprimary, ix.indisunique, ix.indkey ORDER BY i.relname;
Executing (default): CREATE TABLE IF NOT EXISTS "right_data" ("type" VARCHAR(255) NOT NULL, "holder" INTEGER REFERENCES "unit_data" ("id") ON DELETE SET NULL ON UPDATE CASCADE, "forunit" INTEGER REFERENCES "unit_data" ("id") ON DELETE SET NULL ON UPDATE CASCADE);
Executing (default): SELECT i.relname AS name, ix.indisprimary AS primary, ix.indisunique AS unique, ix.indkey AS indkey, array_agg(a.attnum) as column_indexes, array_agg(a.attname) AS column_names, pg_get_indexdef(ix.indexrelid) AS definition FROM pg_class t, pg_class i, pg_index ix, pg_attribute a WHERE t.oid = ix.indrelid AND i.oid = ix.indexrelid AND a.attrelid = t.oid AND t.relkind = 'r' and t.relname = 'right_data' GROUP BY i.relname, ix.indexrelid, ix.indisprimary, ix.indisunique, ix.indkey ORDER BY i.relname;
Executing (default): SELECT t.typname enum_name, array_agg(e.enumlabel ORDER BY enumsortorder) enum_value FROM pg_type t JOIN pg_enum e ON t.oid = e.enumtypid JOIN pg_catalog.pg_namespace n ON n.oid = t.typnamespace WHERE n.nspname = 'public' AND t.typname='enum_users_view_sex' GROUP BY 1
Executing (default): CREATE TABLE IF NOT EXISTS "users_view" ("id"   SERIAL , "firstname" VARCHAR(255) DEFAULT 'not specified yet', "middlename" VARCHAR(255), "lastname" VARCHAR(255) DEFAULT 'not specified yet', "title" VARCHAR(255), "sex" "public"."enum_users_view_sex", "birthday" DATE, "resetoption" INTEGER, "language" TEXT, "banned" BOOLEAN DEFAULT false, "deleted" BOOLEAN DEFAULT false, "suspended" BOOLEAN DEFAULT false, "profilepicture" TEXT, "riskvalue" INTEGER, "createdate" TIMESTAMP WITH TIME ZONE, "payingoptions" JSONB, "position" TEXT, "emails" JSONB NOT NULL, PRIMARY KEY ("id"));
Executing (default): SELECT i.relname AS name, ix.indisprimary AS primary, ix.indisunique AS unique, ix.indkey AS indkey, array_agg(a.attnum) as column_indexes, array_agg(a.attname) AS column_names, pg_get_indexdef(ix.indexrelid) AS definition FROM pg_class t, pg_class i, pg_index ix, pg_attribute a WHERE t.oid = ix.indrelid AND i.oid = ix.indexrelid AND a.attrelid = t.oid AND t.relkind = 'r' and t.relname = 'users_view' GROUP BY i.relname, ix.indexrelid, ix.indisprimary, ix.indisunique, ix.indkey ORDER BY i.relname;
Executing (default): CREATE TABLE IF NOT EXISTS "website_data" ("website" TEXT, "tag" TEXT, "verified" BOOLEAN, "autogenerated" BOOLEAN DEFAULT false, "description" TEXT, "priority" INTEGER, "unitid" INTEGER REFERENCES "unit_data" ("id") ON DELETE SET NULL ON UPDATE CASCADE);
Executing (default): SELECT i.relname AS name, ix.indisprimary AS primary, ix.indisunique AS unique, ix.indkey AS indkey, array_agg(a.attnum) as column_indexes, array_agg(a.attname) AS column_names, pg_get_indexdef(ix.indexrelid) AS definition FROM pg_class t, pg_class i, pg_index ix, pg_attribute a WHERE t.oid = ix.indrelid AND i.oid = ix.indexrelid AND a.attrelid = t.oid AND t.relkind = 'r' and t.relname = 'website_data' GROUP BY i.relname, ix.indexrelid, ix.indisprimary, ix.indisunique, ix.indkey ORDER BY i.relname;
Server running on port 4000
Go to http://localhost:4000/graphiql for the Interface
REQUEST: IncomingMessage {
  _readableState: 
   ReadableState {
     objectMode: false,
     highWaterMark: 16384,
     buffer: BufferList { head: null, tail: null, length: 0 },
     length: 0,
     pipes: null,
     pipesCount: 0,
     flowing: null,
     ended: false,
     endEmitted: false,
     reading: false,
     sync: true,
     needReadable: false,
     emittedReadable: false,
     readableListening: false,
     resumeScheduled: false,
     destroyed: false,
     defaultEncoding: 'utf8',
     awaitDrain: 0,
     readingMore: true,
     decoder: null,
     encoding: null },
  readable: true,
  domain: null,
  _events: {},
  _eventsCount: 0,
  _maxListeners: undefined,
  socket: 
   Socket {
     connecting: false,
     _hadError: false,
     _handle: 
      TCP {
        reading: true,
        owner: [Circular],
        onread: [Function: onread],
        onconnection: null,
        writeQueueSize: 0,
        _consumed: true },
     _parent: null,
     _host: null,
     _readableState: 
      ReadableState {
        objectMode: false,
        highWaterMark: 16384,
        buffer: [Object],
        length: 0,
        pipes: null,
        pipesCount: 0,
        flowing: true,
        ended: false,
        endEmitted: false,
        reading: true,
        sync: false,
        needReadable: true,
        emittedReadable: false,
        readableListening: false,
        resumeScheduled: false,
        destroyed: false,
        defaultEncoding: 'utf8',
        awaitDrain: 0,
        readingMore: false,
        decoder: null,
        encoding: null },
     readable: true,
     domain: null,
     _events: 
      { end: [Array],
        finish: [Function: onSocketFinish],
        _socketEnd: [Function: onSocketEnd],
        drain: [Array],
        timeout: [Function: socketOnTimeout],
        data: [Function: bound socketOnData],
        error: [Function: socketOnError],
        close: [Array],
        resume: [Function: onSocketResume],
        pause: [Function: onSocketPause] },
     _eventsCount: 10,
     _maxListeners: undefined,
     _writableState: 
      WritableState {
        objectMode: false,
        highWaterMark: 16384,
        finalCalled: false,
        needDrain: false,
        ending: false,
        ended: false,
        finished: false,
        destroyed: false,
        decodeStrings: false,
        defaultEncoding: 'utf8',
        length: 0,
        writing: false,
        corked: 0,
        sync: true,
        bufferProcessing: false,
        onwrite: [Function: bound onwrite],
        writecb: null,
        writelen: 0,
        bufferedRequest: null,
        lastBufferedRequest: null,
        pendingcb: 0,
        prefinished: false,
        errorEmitted: false,
        bufferedRequestCount: 0,
        corkedRequestsFree: [Object] },
     writable: true,
     allowHalfOpen: true,
     _bytesDispatched: 0,
     _sockname: null,
     _pendingData: null,
     _pendingEncoding: '',
     server: 
      Server {
        domain: null,
        _events: [Object],
        _eventsCount: 5,
        _maxListeners: undefined,
        _connections: 2,
        _handle: [Object],
        _usingSlaves: false,
        _slaves: [],
        _unref: false,
        allowHalfOpen: true,
        pauseOnConnect: false,
        httpAllowHalfOpen: false,
        timeout: 120000,
        keepAliveTimeout: 5000,
        _pendingResponseData: 0,
        maxHeadersCount: null,
        _connectionKey: '6::::4000',
        [Symbol(asyncId)]: 589 },
     _server: 
      Server {
        domain: null,
        _events: [Object],
        _eventsCount: 5,
        _maxListeners: undefined,
        _connections: 2,
        _handle: [Object],
        _usingSlaves: false,
        _slaves: [],
        _unref: false,
        allowHalfOpen: true,
        pauseOnConnect: false,
        httpAllowHalfOpen: false,
        timeout: 120000,
        keepAliveTimeout: 5000,
        _pendingResponseData: 0,
        maxHeadersCount: null,
        _connectionKey: '6::::4000',
        [Symbol(asyncId)]: 589 },
     _idleTimeout: 120000,
     _idleNext: 
      TimersList {
        _idleNext: [Circular],
        _idlePrev: [Circular],
        _timer: [Object],
        _unrefed: true,
        msecs: 120000,
        nextTick: false },
     _idlePrev: 
      TimersList {
        _idleNext: [Circular],
        _idlePrev: [Circular],
        _timer: [Object],
        _unrefed: true,
        msecs: 120000,
        nextTick: false },
     _idleStart: 14509,
     _destroyed: false,
     parser: 
      HTTPParser {
        '0': [Function: parserOnHeaders],
        '1': [Function: parserOnHeadersComplete],
        '2': [Function: parserOnBody],
        '3': [Function: parserOnMessageComplete],
        '4': [Function: bound onParserExecute],
        _headers: [],
        _url: '',
        _consumed: true,
        socket: [Circular],
        incoming: [Circular],
        outgoing: null,
        maxHeaderPairs: 2000,
        onIncoming: [Function: bound parserOnIncoming] },
     on: [Function: socketOnWrap],
     _paused: false,
     read: [Function],
     _consuming: true,
     _httpMessage: 
      ServerResponse {
        domain: null,
        _events: [Object],
        _eventsCount: 1,
        _maxListeners: undefined,
        output: [],
        outputEncodings: [],
        outputCallbacks: [],
        outputSize: 0,
        writable: true,
        _last: false,
        upgrading: false,
        chunkedEncoding: false,
        shouldKeepAlive: true,
        useChunkedEncodingByDefault: true,
        sendDate: true,
        _removedConnection: false,
        _removedContLen: false,
        _removedTE: false,
        _contentLength: null,
        _hasBody: true,
        _trailer: '',
        finished: false,
        _headerSent: false,
        socket: [Circular],
        connection: [Circular],
        _header: null,
        _onPendingData: [Function: bound updateOutgoingData],
        _sent100: false,
        _expect_continue: false,
        req: [Circular],
        locals: {},
        [Symbol(outHeadersKey)]: [Object] },
     [Symbol(asyncId)]: 609,
     [Symbol(bytesRead)]: 0,
     [Symbol(asyncId)]: 610,
     [Symbol(triggerAsyncId)]: 609 },
  connection: 
   Socket {
     connecting: false,
     _hadError: false,
     _handle: 
      TCP {
        reading: true,
        owner: [Circular],
        onread: [Function: onread],
        onconnection: null,
        writeQueueSize: 0,
        _consumed: true },
     _parent: null,
     _host: null,
     _readableState: 
      ReadableState {
        objectMode: false,
        highWaterMark: 16384,
        buffer: [Object],
        length: 0,
        pipes: null,
        pipesCount: 0,
        flowing: true,
        ended: false,
        endEmitted: false,
        reading: true,
        sync: false,
        needReadable: true,
        emittedReadable: false,
        readableListening: false,
        resumeScheduled: false,
        destroyed: false,
        defaultEncoding: 'utf8',
        awaitDrain: 0,
        readingMore: false,
        decoder: null,
        encoding: null },
     readable: true,
     domain: null,
     _events: 
      { end: [Array],
        finish: [Function: onSocketFinish],
        _socketEnd: [Function: onSocketEnd],
        drain: [Array],
        timeout: [Function: socketOnTimeout],
        data: [Function: bound socketOnData],
        error: [Function: socketOnError],
        close: [Array],
        resume: [Function: onSocketResume],
        pause: [Function: onSocketPause] },
     _eventsCount: 10,
     _maxListeners: undefined,
     _writableState: 
      WritableState {
        objectMode: false,
        highWaterMark: 16384,
        finalCalled: false,
        needDrain: false,
        ending: false,
        ended: false,
        finished: false,
        destroyed: false,
        decodeStrings: false,
        defaultEncoding: 'utf8',
        length: 0,
        writing: false,
        corked: 0,
        sync: true,
        bufferProcessing: false,
        onwrite: [Function: bound onwrite],
        writecb: null,
        writelen: 0,
        bufferedRequest: null,
        lastBufferedRequest: null,
        pendingcb: 0,
        prefinished: false,
        errorEmitted: false,
        bufferedRequestCount: 0,
        corkedRequestsFree: [Object] },
     writable: true,
     allowHalfOpen: true,
     _bytesDispatched: 0,
     _sockname: null,
     _pendingData: null,
     _pendingEncoding: '',
     server: 
      Server {
        domain: null,
        _events: [Object],
        _eventsCount: 5,
        _maxListeners: undefined,
        _connections: 2,
        _handle: [Object],
        _usingSlaves: false,
        _slaves: [],
        _unref: false,
        allowHalfOpen: true,
        pauseOnConnect: false,
        httpAllowHalfOpen: false,
        timeout: 120000,
        keepAliveTimeout: 5000,
        _pendingResponseData: 0,
        maxHeadersCount: null,
        _connectionKey: '6::::4000',
        [Symbol(asyncId)]: 589 },
     _server: 
      Server {
        domain: null,
        _events: [Object],
        _eventsCount: 5,
        _maxListeners: undefined,
        _connections: 2,
        _handle: [Object],
        _usingSlaves: false,
        _slaves: [],
        _unref: false,
        allowHalfOpen: true,
        pauseOnConnect: false,
        httpAllowHalfOpen: false,
        timeout: 120000,
        keepAliveTimeout: 5000,
        _pendingResponseData: 0,
        maxHeadersCount: null,
        _connectionKey: '6::::4000',
        [Symbol(asyncId)]: 589 },
     _idleTimeout: 120000,
     _idleNext: 
      TimersList {
        _idleNext: [Circular],
        _idlePrev: [Circular],
        _timer: [Object],
        _unrefed: true,
        msecs: 120000,
        nextTick: false },
     _idlePrev: 
      TimersList {
        _idleNext: [Circular],
        _idlePrev: [Circular],
        _timer: [Object],
        _unrefed: true,
        msecs: 120000,
        nextTick: false },
     _idleStart: 14509,
     _destroyed: false,
     parser: 
      HTTPParser {
        '0': [Function: parserOnHeaders],
        '1': [Function: parserOnHeadersComplete],
        '2': [Function: parserOnBody],
        '3': [Function: parserOnMessageComplete],
        '4': [Function: bound onParserExecute],
        _headers: [],
        _url: '',
        _consumed: true,
        socket: [Circular],
        incoming: [Circular],
        outgoing: null,
        maxHeaderPairs: 2000,
        onIncoming: [Function: bound parserOnIncoming] },
     on: [Function: socketOnWrap],
     _paused: false,
     read: [Function],
     _consuming: true,
     _httpMessage: 
      ServerResponse {
        domain: null,
        _events: [Object],
        _eventsCount: 1,
        _maxListeners: undefined,
        output: [],
        outputEncodings: [],
        outputCallbacks: [],
        outputSize: 0,
        writable: true,
        _last: false,
        upgrading: false,
        chunkedEncoding: false,
        shouldKeepAlive: true,
        useChunkedEncodingByDefault: true,
        sendDate: true,
        _removedConnection: false,
        _removedContLen: false,
        _removedTE: false,
        _contentLength: null,
        _hasBody: true,
        _trailer: '',
        finished: false,
        _headerSent: false,
        socket: [Circular],
        connection: [Circular],
        _header: null,
        _onPendingData: [Function: bound updateOutgoingData],
        _sent100: false,
        _expect_continue: false,
        req: [Circular],
        locals: {},
        [Symbol(outHeadersKey)]: [Object] },
     [Symbol(asyncId)]: 609,
     [Symbol(bytesRead)]: 0,
     [Symbol(asyncId)]: 610,
     [Symbol(triggerAsyncId)]: 609 },
  httpVersionMajor: 1,
  httpVersionMinor: 1,
  httpVersion: '1.1',
  complete: false,
  headers: 
   { host: 'localhost:4000',
     connection: 'keep-alive',
     'access-control-request-method': 'POST',
     origin: 'http://localhost:3000',
     'user-agent': 'Mozilla/5.0 (X11; Linux x86_64) AppleWebKit/537.36 (KHTML, like Gecko) Ubuntu Chromium/65.0.3325.181 Chrome/65.0.3325.181 Safari/537.36',
     'access-control-request-headers': 'content-type,x-refresh-token,x-token',
     accept: '*/*',
     referer: 'http://localhost:3000/',
     'accept-encoding': 'gzip, deflate, br',
     'accept-language': 'de-DE,de;q=0.9,en-US;q=0.8,en;q=0.7' },
  rawHeaders: 
   [ 'Host',
     'localhost:4000',
     'Connection',
     'keep-alive',
     'Access-Control-Request-Method',
     'POST',
     'Origin',
     'http://localhost:3000',
     'User-Agent',
     'Mozilla/5.0 (X11; Linux x86_64) AppleWebKit/537.36 (KHTML, like Gecko) Ubuntu Chromium/65.0.3325.181 Chrome/65.0.3325.181 Safari/537.36',
     'Access-Control-Request-Headers',
     'content-type,x-refresh-token,x-token',
     'Accept',
     '*/*',
     'Referer',
     'http://localhost:3000/',
     'Accept-Encoding',
     'gzip, deflate, br',
     'Accept-Language',
     'de-DE,de;q=0.9,en-US;q=0.8,en;q=0.7' ],
  trailers: {},
  rawTrailers: [],
  upgrade: false,
  url: '/graphql',
  method: 'OPTIONS',
  statusCode: null,
  statusMessage: null,
  client: 
   Socket {
     connecting: false,
     _hadError: false,
     _handle: 
      TCP {
        reading: true,
        owner: [Circular],
        onread: [Function: onread],
        onconnection: null,
        writeQueueSize: 0,
        _consumed: true },
     _parent: null,
     _host: null,
     _readableState: 
      ReadableState {
        objectMode: false,
        highWaterMark: 16384,
        buffer: [Object],
        length: 0,
        pipes: null,
        pipesCount: 0,
        flowing: true,
        ended: false,
        endEmitted: false,
        reading: true,
        sync: false,
        needReadable: true,
        emittedReadable: false,
        readableListening: false,
        resumeScheduled: false,
        destroyed: false,
        defaultEncoding: 'utf8',
        awaitDrain: 0,
        readingMore: false,
        decoder: null,
        encoding: null },
     readable: true,
     domain: null,
     _events: 
      { end: [Array],
        finish: [Function: onSocketFinish],
        _socketEnd: [Function: onSocketEnd],
        drain: [Array],
        timeout: [Function: socketOnTimeout],
        data: [Function: bound socketOnData],
        error: [Function: socketOnError],
        close: [Array],
        resume: [Function: onSocketResume],
        pause: [Function: onSocketPause] },
     _eventsCount: 10,
     _maxListeners: undefined,
     _writableState: 
      WritableState {
        objectMode: false,
        highWaterMark: 16384,
        finalCalled: false,
        needDrain: false,
        ending: false,
        ended: false,
        finished: false,
        destroyed: false,
        decodeStrings: false,
        defaultEncoding: 'utf8',
        length: 0,
        writing: false,
        corked: 0,
        sync: true,
        bufferProcessing: false,
        onwrite: [Function: bound onwrite],
        writecb: null,
        writelen: 0,
        bufferedRequest: null,
        lastBufferedRequest: null,
        pendingcb: 0,
        prefinished: false,
        errorEmitted: false,
        bufferedRequestCount: 0,
        corkedRequestsFree: [Object] },
     writable: true,
     allowHalfOpen: true,
     _bytesDispatched: 0,
     _sockname: null,
     _pendingData: null,
     _pendingEncoding: '',
     server: 
      Server {
        domain: null,
        _events: [Object],
        _eventsCount: 5,
        _maxListeners: undefined,
        _connections: 2,
        _handle: [Object],
        _usingSlaves: false,
        _slaves: [],
        _unref: false,
        allowHalfOpen: true,
        pauseOnConnect: false,
        httpAllowHalfOpen: false,
        timeout: 120000,
        keepAliveTimeout: 5000,
        _pendingResponseData: 0,
        maxHeadersCount: null,
        _connectionKey: '6::::4000',
        [Symbol(asyncId)]: 589 },
     _server: 
      Server {
        domain: null,
        _events: [Object],
        _eventsCount: 5,
        _maxListeners: undefined,
        _connections: 2,
        _handle: [Object],
        _usingSlaves: false,
        _slaves: [],
        _unref: false,
        allowHalfOpen: true,
        pauseOnConnect: false,
        httpAllowHalfOpen: false,
        timeout: 120000,
        keepAliveTimeout: 5000,
        _pendingResponseData: 0,
        maxHeadersCount: null,
        _connectionKey: '6::::4000',
        [Symbol(asyncId)]: 589 },
     _idleTimeout: 120000,
     _idleNext: 
      TimersList {
        _idleNext: [Circular],
        _idlePrev: [Circular],
        _timer: [Object],
        _unrefed: true,
        msecs: 120000,
        nextTick: false },
     _idlePrev: 
      TimersList {
        _idleNext: [Circular],
        _idlePrev: [Circular],
        _timer: [Object],
        _unrefed: true,
        msecs: 120000,
        nextTick: false },
     _idleStart: 14509,
     _destroyed: false,
     parser: 
      HTTPParser {
        '0': [Function: parserOnHeaders],
        '1': [Function: parserOnHeadersComplete],
        '2': [Function: parserOnBody],
        '3': [Function: parserOnMessageComplete],
        '4': [Function: bound onParserExecute],
        _headers: [],
        _url: '',
        _consumed: true,
        socket: [Circular],
        incoming: [Circular],
        outgoing: null,
        maxHeaderPairs: 2000,
        onIncoming: [Function: bound parserOnIncoming] },
     on: [Function: socketOnWrap],
     _paused: false,
     read: [Function],
     _consuming: true,
     _httpMessage: 
      ServerResponse {
        domain: null,
        _events: [Object],
        _eventsCount: 1,
        _maxListeners: undefined,
        output: [],
        outputEncodings: [],
        outputCallbacks: [],
        outputSize: 0,
        writable: true,
        _last: false,
        upgrading: false,
        chunkedEncoding: false,
        shouldKeepAlive: true,
        useChunkedEncodingByDefault: true,
        sendDate: true,
        _removedConnection: false,
        _removedContLen: false,
        _removedTE: false,
        _contentLength: null,
        _hasBody: true,
        _trailer: '',
        finished: false,
        _headerSent: false,
        socket: [Circular],
        connection: [Circular],
        _header: null,
        _onPendingData: [Function: bound updateOutgoingData],
        _sent100: false,
        _expect_continue: false,
        req: [Circular],
        locals: {},
        [Symbol(outHeadersKey)]: [Object] },
     [Symbol(asyncId)]: 609,
     [Symbol(bytesRead)]: 0,
     [Symbol(asyncId)]: 610,
     [Symbol(triggerAsyncId)]: 609 },
  _consuming: false,
  _dumped: false,
  next: [Function: next],
  baseUrl: '',
  originalUrl: '/graphql',
  _parsedUrl: 
   Url {
     protocol: null,
     slashes: null,
     auth: null,
     host: null,
     port: null,
     hostname: null,
     hash: null,
     search: null,
     query: null,
     pathname: '/graphql',
     path: '/graphql',
     href: '/graphql',
     _raw: '/graphql' },
  params: {},
  query: {},
  res: 
   ServerResponse {
     domain: null,
     _events: { finish: [Function: bound resOnFinish] },
     _eventsCount: 1,
     _maxListeners: undefined,
     output: [],
     outputEncodings: [],
     outputCallbacks: [],
     outputSize: 0,
     writable: true,
     _last: false,
     upgrading: false,
     chunkedEncoding: false,
     shouldKeepAlive: true,
     useChunkedEncodingByDefault: true,
     sendDate: true,
     _removedConnection: false,
     _removedContLen: false,
     _removedTE: false,
     _contentLength: null,
     _hasBody: true,
     _trailer: '',
     finished: false,
     _headerSent: false,
     socket: 
      Socket {
        connecting: false,
        _hadError: false,
        _handle: [Object],
        _parent: null,
        _host: null,
        _readableState: [Object],
        readable: true,
        domain: null,
        _events: [Object],
        _eventsCount: 10,
        _maxListeners: undefined,
        _writableState: [Object],
        writable: true,
        allowHalfOpen: true,
        _bytesDispatched: 0,
        _sockname: null,
        _pendingData: null,
        _pendingEncoding: '',
        server: [Object],
        _server: [Object],
        _idleTimeout: 120000,
        _idleNext: [Object],
        _idlePrev: [Object],
        _idleStart: 14509,
        _destroyed: false,
        parser: [Object],
        on: [Function: socketOnWrap],
        _paused: false,
        read: [Function],
        _consuming: true,
        _httpMessage: [Circular],
        [Symbol(asyncId)]: 609,
        [Symbol(bytesRead)]: 0,
        [Symbol(asyncId)]: 610,
        [Symbol(triggerAsyncId)]: 609 },
     connection: 
      Socket {
        connecting: false,
        _hadError: false,
        _handle: [Object],
        _parent: null,
        _host: null,
        _readableState: [Object],
        readable: true,
        domain: null,
        _events: [Object],
        _eventsCount: 10,
        _maxListeners: undefined,
        _writableState: [Object],
        writable: true,
        allowHalfOpen: true,
        _bytesDispatched: 0,
        _sockname: null,
        _pendingData: null,
        _pendingEncoding: '',
        server: [Object],
        _server: [Object],
        _idleTimeout: 120000,
        _idleNext: [Object],
        _idlePrev: [Object],
        _idleStart: 14509,
        _destroyed: false,
        parser: [Object],
        on: [Function: socketOnWrap],
        _paused: false,
        read: [Function],
        _consuming: true,
        _httpMessage: [Circular],
        [Symbol(asyncId)]: 609,
        [Symbol(bytesRead)]: 0,
        [Symbol(asyncId)]: 610,
        [Symbol(triggerAsyncId)]: 609 },
     _header: null,
     _onPendingData: [Function: bound updateOutgoingData],
     _sent100: false,
     _expect_continue: false,
     req: [Circular],
     locals: {},
     [Symbol(outHeadersKey)]: { 'x-powered-by': [Array] } } }
REQUEST: IncomingMessage {
  _readableState: 
   ReadableState {
     objectMode: false,
     highWaterMark: 16384,
     buffer: BufferList { head: null, tail: null, length: 0 },
     length: 0,
     pipes: null,
     pipesCount: 0,
     flowing: null,
     ended: false,
     endEmitted: false,
     reading: false,
     sync: true,
     needReadable: false,
     emittedReadable: false,
     readableListening: false,
     resumeScheduled: false,
     destroyed: false,
     defaultEncoding: 'utf8',
     awaitDrain: 0,
     readingMore: true,
     decoder: null,
     encoding: null },
  readable: true,
  domain: null,
  _events: {},
  _eventsCount: 0,
  _maxListeners: undefined,
  socket: 
   Socket {
     connecting: false,
     _hadError: false,
     _handle: 
      TCP {
        reading: true,
        owner: [Circular],
        onread: [Function: onread],
        onconnection: null,
        writeQueueSize: 0,
        _consumed: true },
     _parent: null,
     _host: null,
     _readableState: 
      ReadableState {
        objectMode: false,
        highWaterMark: 16384,
        buffer: [Object],
        length: 0,
        pipes: null,
        pipesCount: 0,
        flowing: true,
        ended: false,
        endEmitted: false,
        reading: true,
        sync: false,
        needReadable: true,
        emittedReadable: false,
        readableListening: false,
        resumeScheduled: false,
        destroyed: false,
        defaultEncoding: 'utf8',
        awaitDrain: 0,
        readingMore: false,
        decoder: null,
        encoding: null },
     readable: true,
     domain: null,
     _events: 
      { end: [Array],
        finish: [Function: onSocketFinish],
        _socketEnd: [Function: onSocketEnd],
        drain: [Array],
        timeout: [Function: socketOnTimeout],
        data: [Function: bound socketOnData],
        error: [Function: socketOnError],
        close: [Array],
        resume: [Function: onSocketResume],
        pause: [Function: onSocketPause] },
     _eventsCount: 10,
     _maxListeners: undefined,
     _writableState: 
      WritableState {
        objectMode: false,
        highWaterMark: 16384,
        finalCalled: false,
        needDrain: false,
        ending: false,
        ended: false,
        finished: false,
        destroyed: false,
        decodeStrings: false,
        defaultEncoding: 'utf8',
        length: 0,
        writing: false,
        corked: 0,
        sync: false,
        bufferProcessing: false,
        onwrite: [Function: bound onwrite],
        writecb: null,
        writelen: 0,
        bufferedRequest: null,
        lastBufferedRequest: null,
        pendingcb: 0,
        prefinished: false,
        errorEmitted: false,
        bufferedRequestCount: 0,
        corkedRequestsFree: [Object] },
     writable: true,
     allowHalfOpen: true,
     _bytesDispatched: 398,
     _sockname: null,
     _pendingData: null,
     _pendingEncoding: '',
     server: 
      Server {
        domain: null,
        _events: [Object],
        _eventsCount: 5,
        _maxListeners: undefined,
        _connections: 2,
        _handle: [Object],
        _usingSlaves: false,
        _slaves: [],
        _unref: false,
        allowHalfOpen: true,
        pauseOnConnect: false,
        httpAllowHalfOpen: false,
        timeout: 120000,
        keepAliveTimeout: 5000,
        _pendingResponseData: 0,
        maxHeadersCount: null,
        _connectionKey: '6::::4000',
        [Symbol(asyncId)]: 589 },
     _server: 
      Server {
        domain: null,
        _events: [Object],
        _eventsCount: 5,
        _maxListeners: undefined,
        _connections: 2,
        _handle: [Object],
        _usingSlaves: false,
        _slaves: [],
        _unref: false,
        allowHalfOpen: true,
        pauseOnConnect: false,
        httpAllowHalfOpen: false,
        timeout: 120000,
        keepAliveTimeout: 5000,
        _pendingResponseData: 0,
        maxHeadersCount: null,
        _connectionKey: '6::::4000',
        [Symbol(asyncId)]: 589 },
     _idleTimeout: 120000,
     _idleNext: 
      TimersList {
        _idleNext: [Circular],
        _idlePrev: [Circular],
        _timer: [Object],
        _unrefed: true,
        msecs: 120000,
        nextTick: false },
     _idlePrev: 
      TimersList {
        _idleNext: [Circular],
        _idlePrev: [Circular],
        _timer: [Object],
        _unrefed: true,
        msecs: 120000,
        nextTick: false },
     _idleStart: 14548,
     _destroyed: false,
     parser: 
      HTTPParser {
        '0': [Function: parserOnHeaders],
        '1': [Function: parserOnHeadersComplete],
        '2': [Function: parserOnBody],
        '3': [Function: parserOnMessageComplete],
        '4': [Function: bound onParserExecute],
        _headers: [],
        _url: '',
        _consumed: true,
        socket: [Circular],
        incoming: [Circular],
        outgoing: null,
        maxHeaderPairs: 2000,
        onIncoming: [Function: bound parserOnIncoming] },
     on: [Function: socketOnWrap],
     _paused: false,
     read: [Function],
     _consuming: true,
     _httpMessage: 
      ServerResponse {
        domain: null,
        _events: [Object],
        _eventsCount: 1,
        _maxListeners: undefined,
        output: [],
        outputEncodings: [],
        outputCallbacks: [],
        outputSize: 0,
        writable: true,
        _last: false,
        upgrading: false,
        chunkedEncoding: false,
        shouldKeepAlive: true,
        useChunkedEncodingByDefault: true,
        sendDate: true,
        _removedConnection: false,
        _removedContLen: false,
        _removedTE: false,
        _contentLength: null,
        _hasBody: true,
        _trailer: '',
        finished: false,
        _headerSent: false,
        socket: [Circular],
        connection: [Circular],
        _header: null,
        _onPendingData: [Function: bound updateOutgoingData],
        _sent100: false,
        _expect_continue: false,
        req: [Circular],
        locals: {},
        [Symbol(outHeadersKey)]: [Object] },
     [Symbol(asyncId)]: 609,
     [Symbol(bytesRead)]: 0,
     [Symbol(asyncId)]: 610,
     [Symbol(triggerAsyncId)]: 609 },
  connection: 
   Socket {
     connecting: false,
     _hadError: false,
     _handle: 
      TCP {
        reading: true,
        owner: [Circular],
        onread: [Function: onread],
        onconnection: null,
        writeQueueSize: 0,
        _consumed: true },
     _parent: null,
     _host: null,
     _readableState: 
      ReadableState {
        objectMode: false,
        highWaterMark: 16384,
        buffer: [Object],
        length: 0,
        pipes: null,
        pipesCount: 0,
        flowing: true,
        ended: false,
        endEmitted: false,
        reading: true,
        sync: false,
        needReadable: true,
        emittedReadable: false,
        readableListening: false,
        resumeScheduled: false,
        destroyed: false,
        defaultEncoding: 'utf8',
        awaitDrain: 0,
        readingMore: false,
        decoder: null,
        encoding: null },
     readable: true,
     domain: null,
     _events: 
      { end: [Array],
        finish: [Function: onSocketFinish],
        _socketEnd: [Function: onSocketEnd],
        drain: [Array],
        timeout: [Function: socketOnTimeout],
        data: [Function: bound socketOnData],
        error: [Function: socketOnError],
        close: [Array],
        resume: [Function: onSocketResume],
        pause: [Function: onSocketPause] },
     _eventsCount: 10,
     _maxListeners: undefined,
     _writableState: 
      WritableState {
        objectMode: false,
        highWaterMark: 16384,
        finalCalled: false,
        needDrain: false,
        ending: false,
        ended: false,
        finished: false,
        destroyed: false,
        decodeStrings: false,
        defaultEncoding: 'utf8',
        length: 0,
        writing: false,
        corked: 0,
        sync: false,
        bufferProcessing: false,
        onwrite: [Function: bound onwrite],
        writecb: null,
        writelen: 0,
        bufferedRequest: null,
        lastBufferedRequest: null,
        pendingcb: 0,
        prefinished: false,
        errorEmitted: false,
        bufferedRequestCount: 0,
        corkedRequestsFree: [Object] },
     writable: true,
     allowHalfOpen: true,
     _bytesDispatched: 398,
     _sockname: null,
     _pendingData: null,
     _pendingEncoding: '',
     server: 
      Server {
        domain: null,
        _events: [Object],
        _eventsCount: 5,
        _maxListeners: undefined,
        _connections: 2,
        _handle: [Object],
        _usingSlaves: false,
        _slaves: [],
        _unref: false,
        allowHalfOpen: true,
        pauseOnConnect: false,
        httpAllowHalfOpen: false,
        timeout: 120000,
        keepAliveTimeout: 5000,
        _pendingResponseData: 0,
        maxHeadersCount: null,
        _connectionKey: '6::::4000',
        [Symbol(asyncId)]: 589 },
     _server: 
      Server {
        domain: null,
        _events: [Object],
        _eventsCount: 5,
        _maxListeners: undefined,
        _connections: 2,
        _handle: [Object],
        _usingSlaves: false,
        _slaves: [],
        _unref: false,
        allowHalfOpen: true,
        pauseOnConnect: false,
        httpAllowHalfOpen: false,
        timeout: 120000,
        keepAliveTimeout: 5000,
        _pendingResponseData: 0,
        maxHeadersCount: null,
        _connectionKey: '6::::4000',
        [Symbol(asyncId)]: 589 },
     _idleTimeout: 120000,
     _idleNext: 
      TimersList {
        _idleNext: [Circular],
        _idlePrev: [Circular],
        _timer: [Object],
        _unrefed: true,
        msecs: 120000,
        nextTick: false },
     _idlePrev: 
      TimersList {
        _idleNext: [Circular],
        _idlePrev: [Circular],
        _timer: [Object],
        _unrefed: true,
        msecs: 120000,
        nextTick: false },
     _idleStart: 14548,
     _destroyed: false,
     parser: 
      HTTPParser {
        '0': [Function: parserOnHeaders],
        '1': [Function: parserOnHeadersComplete],
        '2': [Function: parserOnBody],
        '3': [Function: parserOnMessageComplete],
        '4': [Function: bound onParserExecute],
        _headers: [],
        _url: '',
        _consumed: true,
        socket: [Circular],
        incoming: [Circular],
        outgoing: null,
        maxHeaderPairs: 2000,
        onIncoming: [Function: bound parserOnIncoming] },
     on: [Function: socketOnWrap],
     _paused: false,
     read: [Function],
     _consuming: true,
     _httpMessage: 
      ServerResponse {
        domain: null,
        _events: [Object],
        _eventsCount: 1,
        _maxListeners: undefined,
        output: [],
        outputEncodings: [],
        outputCallbacks: [],
        outputSize: 0,
        writable: true,
        _last: false,
        upgrading: false,
        chunkedEncoding: false,
        shouldKeepAlive: true,
        useChunkedEncodingByDefault: true,
        sendDate: true,
        _removedConnection: false,
        _removedContLen: false,
        _removedTE: false,
        _contentLength: null,
        _hasBody: true,
        _trailer: '',
        finished: false,
        _headerSent: false,
        socket: [Circular],
        connection: [Circular],
        _header: null,
        _onPendingData: [Function: bound updateOutgoingData],
        _sent100: false,
        _expect_continue: false,
        req: [Circular],
        locals: {},
        [Symbol(outHeadersKey)]: [Object] },
     [Symbol(asyncId)]: 609,
     [Symbol(bytesRead)]: 0,
     [Symbol(asyncId)]: 610,
     [Symbol(triggerAsyncId)]: 609 },
  httpVersionMajor: 1,
  httpVersionMinor: 1,
  httpVersion: '1.1',
  complete: false,
  headers: 
   { host: 'localhost:4000',
     connection: 'keep-alive',
     'content-length': '326',
     origin: 'http://localhost:3000',
     'x-token': 'null',
     'x-refresh-token': 'null',
     'user-agent': 'Mozilla/5.0 (X11; Linux x86_64) AppleWebKit/537.36 (KHTML, like Gecko) Ubuntu Chromium/65.0.3325.181 Chrome/65.0.3325.181 Safari/537.36',
     'content-type': 'application/json',
     accept: '*/*',
     referer: 'http://localhost:3000/',
     'accept-encoding': 'gzip, deflate, br',
     'accept-language': 'de-DE,de;q=0.9,en-US;q=0.8,en;q=0.7' },
  rawHeaders: 
   [ 'Host',
     'localhost:4000',
     'Connection',
     'keep-alive',
     'Content-Length',
     '326',
     'Origin',
     'http://localhost:3000',
     'x-token',
     'null',
     'x-refresh-token',
     'null',
     'User-Agent',
     'Mozilla/5.0 (X11; Linux x86_64) AppleWebKit/537.36 (KHTML, like Gecko) Ubuntu Chromium/65.0.3325.181 Chrome/65.0.3325.181 Safari/537.36',
     'content-type',
     'application/json',
     'accept',
     '*/*',
     'Referer',
     'http://localhost:3000/',
     'Accept-Encoding',
     'gzip, deflate, br',
     'Accept-Language',
     'de-DE,de;q=0.9,en-US;q=0.8,en;q=0.7' ],
  trailers: {},
  rawTrailers: [],
  upgrade: false,
  url: '/graphql',
  method: 'POST',
  statusCode: null,
  statusMessage: null,
  client: 
   Socket {
     connecting: false,
     _hadError: false,
     _handle: 
      TCP {
        reading: true,
        owner: [Circular],
        onread: [Function: onread],
        onconnection: null,
        writeQueueSize: 0,
        _consumed: true },
     _parent: null,
     _host: null,
     _readableState: 
      ReadableState {
        objectMode: false,
        highWaterMark: 16384,
        buffer: [Object],
        length: 0,
        pipes: null,
        pipesCount: 0,
        flowing: true,
        ended: false,
        endEmitted: false,
        reading: true,
        sync: false,
        needReadable: true,
        emittedReadable: false,
        readableListening: false,
        resumeScheduled: false,
        destroyed: false,
        defaultEncoding: 'utf8',
        awaitDrain: 0,
        readingMore: false,
        decoder: null,
        encoding: null },
     readable: true,
     domain: null,
     _events: 
      { end: [Array],
        finish: [Function: onSocketFinish],
        _socketEnd: [Function: onSocketEnd],
        drain: [Array],
        timeout: [Function: socketOnTimeout],
        data: [Function: bound socketOnData],
        error: [Function: socketOnError],
        close: [Array],
        resume: [Function: onSocketResume],
        pause: [Function: onSocketPause] },
     _eventsCount: 10,
     _maxListeners: undefined,
     _writableState: 
      WritableState {
        objectMode: false,
        highWaterMark: 16384,
        finalCalled: false,
        needDrain: false,
        ending: false,
        ended: false,
        finished: false,
        destroyed: false,
        decodeStrings: false,
        defaultEncoding: 'utf8',
        length: 0,
        writing: false,
        corked: 0,
        sync: false,
        bufferProcessing: false,
        onwrite: [Function: bound onwrite],
        writecb: null,
        writelen: 0,
        bufferedRequest: null,
        lastBufferedRequest: null,
        pendingcb: 0,
        prefinished: false,
        errorEmitted: false,
        bufferedRequestCount: 0,
        corkedRequestsFree: [Object] },
     writable: true,
     allowHalfOpen: true,
     _bytesDispatched: 398,
     _sockname: null,
     _pendingData: null,
     _pendingEncoding: '',
     server: 
      Server {
        domain: null,
        _events: [Object],
        _eventsCount: 5,
        _maxListeners: undefined,
        _connections: 2,
        _handle: [Object],
        _usingSlaves: false,
        _slaves: [],
        _unref: false,
        allowHalfOpen: true,
        pauseOnConnect: false,
        httpAllowHalfOpen: false,
        timeout: 120000,
        keepAliveTimeout: 5000,
        _pendingResponseData: 0,
        maxHeadersCount: null,
        _connectionKey: '6::::4000',
        [Symbol(asyncId)]: 589 },
     _server: 
      Server {
        domain: null,
        _events: [Object],
        _eventsCount: 5,
        _maxListeners: undefined,
        _connections: 2,
        _handle: [Object],
        _usingSlaves: false,
        _slaves: [],
        _unref: false,
        allowHalfOpen: true,
        pauseOnConnect: false,
        httpAllowHalfOpen: false,
        timeout: 120000,
        keepAliveTimeout: 5000,
        _pendingResponseData: 0,
        maxHeadersCount: null,
        _connectionKey: '6::::4000',
        [Symbol(asyncId)]: 589 },
     _idleTimeout: 120000,
     _idleNext: 
      TimersList {
        _idleNext: [Circular],
        _idlePrev: [Circular],
        _timer: [Object],
        _unrefed: true,
        msecs: 120000,
        nextTick: false },
     _idlePrev: 
      TimersList {
        _idleNext: [Circular],
        _idlePrev: [Circular],
        _timer: [Object],
        _unrefed: true,
        msecs: 120000,
        nextTick: false },
     _idleStart: 14548,
     _destroyed: false,
     parser: 
      HTTPParser {
        '0': [Function: parserOnHeaders],
        '1': [Function: parserOnHeadersComplete],
        '2': [Function: parserOnBody],
        '3': [Function: parserOnMessageComplete],
        '4': [Function: bound onParserExecute],
        _headers: [],
        _url: '',
        _consumed: true,
        socket: [Circular],
        incoming: [Circular],
        outgoing: null,
        maxHeaderPairs: 2000,
        onIncoming: [Function: bound parserOnIncoming] },
     on: [Function: socketOnWrap],
     _paused: false,
     read: [Function],
     _consuming: true,
     _httpMessage: 
      ServerResponse {
        domain: null,
        _events: [Object],
        _eventsCount: 1,
        _maxListeners: undefined,
        output: [],
        outputEncodings: [],
        outputCallbacks: [],
        outputSize: 0,
        writable: true,
        _last: false,
        upgrading: false,
        chunkedEncoding: false,
        shouldKeepAlive: true,
        useChunkedEncodingByDefault: true,
        sendDate: true,
        _removedConnection: false,
        _removedContLen: false,
        _removedTE: false,
        _contentLength: null,
        _hasBody: true,
        _trailer: '',
        finished: false,
        _headerSent: false,
        socket: [Circular],
        connection: [Circular],
        _header: null,
        _onPendingData: [Function: bound updateOutgoingData],
        _sent100: false,
        _expect_continue: false,
        req: [Circular],
        locals: {},
        [Symbol(outHeadersKey)]: [Object] },
     [Symbol(asyncId)]: 609,
     [Symbol(bytesRead)]: 0,
     [Symbol(asyncId)]: 610,
     [Symbol(triggerAsyncId)]: 609 },
  _consuming: false,
  _dumped: false,
  next: [Function: next],
  baseUrl: '',
  originalUrl: '/graphql',
  _parsedUrl: 
   Url {
     protocol: null,
     slashes: null,
     auth: null,
     host: null,
     port: null,
     hostname: null,
     hash: null,
     search: null,
     query: null,
     pathname: '/graphql',
     path: '/graphql',
     href: '/graphql',
     _raw: '/graphql' },
  params: {},
  query: {},
  res: 
   ServerResponse {
     domain: null,
     _events: { finish: [Function: bound resOnFinish] },
     _eventsCount: 1,
     _maxListeners: undefined,
     output: [],
     outputEncodings: [],
     outputCallbacks: [],
     outputSize: 0,
     writable: true,
     _last: false,
     upgrading: false,
     chunkedEncoding: false,
     shouldKeepAlive: true,
     useChunkedEncodingByDefault: true,
     sendDate: true,
     _removedConnection: false,
     _removedContLen: false,
     _removedTE: false,
     _contentLength: null,
     _hasBody: true,
     _trailer: '',
     finished: false,
     _headerSent: false,
     socket: 
      Socket {
        connecting: false,
        _hadError: false,
        _handle: [Object],
        _parent: null,
        _host: null,
        _readableState: [Object],
        readable: true,
        domain: null,
        _events: [Object],
        _eventsCount: 10,
        _maxListeners: undefined,
        _writableState: [Object],
        writable: true,
        allowHalfOpen: true,
        _bytesDispatched: 398,
        _sockname: null,
        _pendingData: null,
        _pendingEncoding: '',
        server: [Object],
        _server: [Object],
        _idleTimeout: 120000,
        _idleNext: [Object],
        _idlePrev: [Object],
        _idleStart: 14548,
        _destroyed: false,
        parser: [Object],
        on: [Function: socketOnWrap],
        _paused: false,
        read: [Function],
        _consuming: true,
        _httpMessage: [Circular],
        [Symbol(asyncId)]: 609,
        [Symbol(bytesRead)]: 0,
        [Symbol(asyncId)]: 610,
        [Symbol(triggerAsyncId)]: 609 },
     connection: 
      Socket {
        connecting: false,
        _hadError: false,
        _handle: [Object],
        _parent: null,
        _host: null,
        _readableState: [Object],
        readable: true,
        domain: null,
        _events: [Object],
        _eventsCount: 10,
        _maxListeners: undefined,
        _writableState: [Object],
        writable: true,
        allowHalfOpen: true,
        _bytesDispatched: 398,
        _sockname: null,
        _pendingData: null,
        _pendingEncoding: '',
        server: [Object],
        _server: [Object],
        _idleTimeout: 120000,
        _idleNext: [Object],
        _idlePrev: [Object],
        _idleStart: 14548,
        _destroyed: false,
        parser: [Object],
        on: [Function: socketOnWrap],
        _paused: false,
        read: [Function],
        _consuming: true,
        _httpMessage: [Circular],
        [Symbol(asyncId)]: 609,
        [Symbol(bytesRead)]: 0,
        [Symbol(asyncId)]: 610,
        [Symbol(triggerAsyncId)]: 609 },
     _header: null,
     _onPendingData: [Function: bound updateOutgoingData],
     _sent100: false,
     _expect_continue: false,
     req: [Circular],
     locals: {},
     [Symbol(outHeadersKey)]: { 'x-powered-by': [Array] } } }
null
--------------> { JsonWebTokenError: jwt malformed
    at Object.module.exports [as verify] (/home/gh05d/vipfy-backend/node_modules/jsonwebtoken/verify.js:49:17)
    at _callee$ (/home/gh05d/vipfy-backend/src/index.js:60:34)
    at tryCatch (/home/gh05d/vipfy-backend/node_modules/regenerator-runtime/runtime.js:62:40)
    at Generator.invoke [as _invoke] (/home/gh05d/vipfy-backend/node_modules/regenerator-runtime/runtime.js:296:22)
    at Generator.prototype.(anonymous function) [as next] (/home/gh05d/vipfy-backend/node_modules/regenerator-runtime/runtime.js:114:21)
    at step (/home/gh05d/vipfy-backend/node_modules/babel-runtime/helpers/asyncToGenerator.js:17:30)
    at /home/gh05d/vipfy-backend/node_modules/babel-runtime/helpers/asyncToGenerator.js:35:14
    at new Promise (<anonymous>)
    at new F (/home/gh05d/vipfy-backend/node_modules/core-js/library/modules/_export.js:35:28)
    at /home/gh05d/vipfy-backend/node_modules/babel-runtime/helpers/asyncToGenerator.js:14:12
    at authMiddleware (/home/gh05d/vipfy-backend/src/index.js:54:7)
    at Layer.handle [as handle_request] (/home/gh05d/vipfy-backend/node_modules/express/lib/router/layer.js:95:5)
    at trim_prefix (/home/gh05d/vipfy-backend/node_modules/express/lib/router/index.js:317:13)
    at /home/gh05d/vipfy-backend/node_modules/express/lib/router/index.js:284:7
    at Function.process_params (/home/gh05d/vipfy-backend/node_modules/express/lib/router/index.js:335:12)
    at next (/home/gh05d/vipfy-backend/node_modules/express/lib/router/index.js:275:10)
    at expressInit (/home/gh05d/vipfy-backend/node_modules/express/lib/middleware/init.js:40:5)
    at Layer.handle [as handle_request] (/home/gh05d/vipfy-backend/node_modules/express/lib/router/layer.js:95:5)
    at trim_prefix (/home/gh05d/vipfy-backend/node_modules/express/lib/router/index.js:317:13)
    at /home/gh05d/vipfy-backend/node_modules/express/lib/router/index.js:284:7
    at Function.process_params (/home/gh05d/vipfy-backend/node_modules/express/lib/router/index.js:335:12)
    at next (/home/gh05d/vipfy-backend/node_modules/express/lib/router/index.js:275:10) name: 'JsonWebTokenError', message: 'jwt malformed' }
Executing (default): SELECT "banned", "suspended", "deleted", "verified", "email", "passwordhash", "unitid" FROM "login_view" AS "login_view" WHERE "login_view"."email" = 'pc@vipfy.com' LIMIT 1;
Executing (default): SELECT "id", "firstname", "middlename", "lastname", "title", "sex", "birthday", "resetoption", "language", "banned", "deleted", "suspended", "profilepicture", "riskvalue", "createdate", "payingoptions", "position", "emails" FROM "users_view" AS "users_view" WHERE "users_view"."id" = '7';
REQUEST: IncomingMessage {
  _readableState: 
   ReadableState {
     objectMode: false,
     highWaterMark: 16384,
     buffer: BufferList { head: null, tail: null, length: 0 },
     length: 0,
     pipes: null,
     pipesCount: 0,
     flowing: null,
     ended: false,
     endEmitted: false,
     reading: false,
     sync: true,
     needReadable: false,
     emittedReadable: false,
     readableListening: false,
     resumeScheduled: false,
     destroyed: false,
     defaultEncoding: 'utf8',
     awaitDrain: 0,
     readingMore: true,
     decoder: null,
     encoding: null },
  readable: true,
  domain: null,
  _events: {},
  _eventsCount: 0,
  _maxListeners: undefined,
  socket: 
   Socket {
     connecting: false,
     _hadError: false,
     _handle: 
      TCP {
        reading: true,
        owner: [Circular],
        onread: [Function: onread],
        onconnection: null,
        writeQueueSize: 0,
        _consumed: true },
     _parent: null,
     _host: null,
     _readableState: 
      ReadableState {
        objectMode: false,
        highWaterMark: 16384,
        buffer: [Object],
        length: 0,
        pipes: null,
        pipesCount: 0,
        flowing: true,
        ended: false,
        endEmitted: false,
        reading: true,
        sync: false,
        needReadable: true,
        emittedReadable: false,
        readableListening: false,
        resumeScheduled: false,
        destroyed: false,
        defaultEncoding: 'utf8',
        awaitDrain: 0,
        readingMore: false,
        decoder: null,
        encoding: null },
     readable: true,
     domain: null,
     _events: 
      { end: [Array],
        finish: [Function: onSocketFinish],
        _socketEnd: [Function: onSocketEnd],
        drain: [Array],
        timeout: [Function: socketOnTimeout],
        data: [Function: bound socketOnData],
        error: [Function: socketOnError],
        close: [Array],
        resume: [Function: onSocketResume],
        pause: [Function: onSocketPause] },
     _eventsCount: 10,
     _maxListeners: undefined,
     _writableState: 
      WritableState {
        objectMode: false,
        highWaterMark: 16384,
        finalCalled: false,
        needDrain: false,
        ending: false,
        ended: false,
        finished: false,
        destroyed: false,
        decodeStrings: false,
        defaultEncoding: 'utf8',
        length: 0,
        writing: false,
        corked: 0,
        sync: false,
        bufferProcessing: false,
        onwrite: [Function: bound onwrite],
        writecb: null,
        writelen: 0,
        bufferedRequest: null,
        lastBufferedRequest: null,
        pendingcb: 0,
        prefinished: false,
        errorEmitted: false,
        bufferedRequestCount: 0,
        corkedRequestsFree: [Object] },
     writable: true,
     allowHalfOpen: true,
     _bytesDispatched: 1234,
     _sockname: null,
     _pendingData: null,
     _pendingEncoding: '',
     server: 
      Server {
        domain: null,
        _events: [Object],
        _eventsCount: 5,
        _maxListeners: undefined,
        _connections: 2,
        _handle: [Object],
        _usingSlaves: false,
        _slaves: [],
        _unref: false,
        allowHalfOpen: true,
        pauseOnConnect: false,
        httpAllowHalfOpen: false,
        timeout: 120000,
        keepAliveTimeout: 5000,
        _pendingResponseData: 0,
        maxHeadersCount: null,
        _connectionKey: '6::::4000',
        [Symbol(asyncId)]: 589 },
     _server: 
      Server {
        domain: null,
        _events: [Object],
        _eventsCount: 5,
        _maxListeners: undefined,
        _connections: 2,
        _handle: [Object],
        _usingSlaves: false,
        _slaves: [],
        _unref: false,
        allowHalfOpen: true,
        pauseOnConnect: false,
        httpAllowHalfOpen: false,
        timeout: 120000,
        keepAliveTimeout: 5000,
        _pendingResponseData: 0,
        maxHeadersCount: null,
        _connectionKey: '6::::4000',
        [Symbol(asyncId)]: 589 },
     _idleTimeout: 120000,
     _idleNext: 
      TimersList {
        _idleNext: [Circular],
        _idlePrev: [Circular],
        _timer: [Object],
        _unrefed: true,
        msecs: 120000,
        nextTick: false },
     _idlePrev: 
      TimersList {
        _idleNext: [Circular],
        _idlePrev: [Circular],
        _timer: [Object],
        _unrefed: true,
        msecs: 120000,
        nextTick: false },
     _idleStart: 15217,
     _destroyed: false,
     parser: 
      HTTPParser {
        '0': [Function: parserOnHeaders],
        '1': [Function: parserOnHeadersComplete],
        '2': [Function: parserOnBody],
        '3': [Function: parserOnMessageComplete],
        '4': [Function: bound onParserExecute],
        _headers: [],
        _url: '',
        _consumed: true,
        socket: [Circular],
        incoming: [Circular],
        outgoing: null,
        maxHeaderPairs: 2000,
        onIncoming: [Function: bound parserOnIncoming] },
     on: [Function: socketOnWrap],
     _paused: false,
     read: [Function],
     _consuming: true,
     _httpMessage: 
      ServerResponse {
        domain: null,
        _events: [Object],
        _eventsCount: 1,
        _maxListeners: undefined,
        output: [],
        outputEncodings: [],
        outputCallbacks: [],
        outputSize: 0,
        writable: true,
        _last: false,
        upgrading: false,
        chunkedEncoding: false,
        shouldKeepAlive: true,
        useChunkedEncodingByDefault: true,
        sendDate: true,
        _removedConnection: false,
        _removedContLen: false,
        _removedTE: false,
        _contentLength: null,
        _hasBody: true,
        _trailer: '',
        finished: false,
        _headerSent: false,
        socket: [Circular],
        connection: [Circular],
        _header: null,
        _onPendingData: [Function: bound updateOutgoingData],
        _sent100: false,
        _expect_continue: false,
        req: [Circular],
        locals: {},
        [Symbol(outHeadersKey)]: [Object] },
     [Symbol(asyncId)]: 609,
     [Symbol(bytesRead)]: 0,
     [Symbol(asyncId)]: 610,
     [Symbol(triggerAsyncId)]: 609 },
  connection: 
   Socket {
     connecting: false,
     _hadError: false,
     _handle: 
      TCP {
        reading: true,
        owner: [Circular],
        onread: [Function: onread],
        onconnection: null,
        writeQueueSize: 0,
        _consumed: true },
     _parent: null,
     _host: null,
     _readableState: 
      ReadableState {
        objectMode: false,
        highWaterMark: 16384,
        buffer: [Object],
        length: 0,
        pipes: null,
        pipesCount: 0,
        flowing: true,
        ended: false,
        endEmitted: false,
        reading: true,
        sync: false,
        needReadable: true,
        emittedReadable: false,
        readableListening: false,
        resumeScheduled: false,
        destroyed: false,
        defaultEncoding: 'utf8',
        awaitDrain: 0,
        readingMore: false,
        decoder: null,
        encoding: null },
     readable: true,
     domain: null,
     _events: 
      { end: [Array],
        finish: [Function: onSocketFinish],
        _socketEnd: [Function: onSocketEnd],
        drain: [Array],
        timeout: [Function: socketOnTimeout],
        data: [Function: bound socketOnData],
        error: [Function: socketOnError],
        close: [Array],
        resume: [Function: onSocketResume],
        pause: [Function: onSocketPause] },
     _eventsCount: 10,
     _maxListeners: undefined,
     _writableState: 
      WritableState {
        objectMode: false,
        highWaterMark: 16384,
        finalCalled: false,
        needDrain: false,
        ending: false,
        ended: false,
        finished: false,
        destroyed: false,
        decodeStrings: false,
        defaultEncoding: 'utf8',
        length: 0,
        writing: false,
        corked: 0,
        sync: false,
        bufferProcessing: false,
        onwrite: [Function: bound onwrite],
        writecb: null,
        writelen: 0,
        bufferedRequest: null,
        lastBufferedRequest: null,
        pendingcb: 0,
        prefinished: false,
        errorEmitted: false,
        bufferedRequestCount: 0,
        corkedRequestsFree: [Object] },
     writable: true,
     allowHalfOpen: true,
     _bytesDispatched: 1234,
     _sockname: null,
     _pendingData: null,
     _pendingEncoding: '',
     server: 
      Server {
        domain: null,
        _events: [Object],
        _eventsCount: 5,
        _maxListeners: undefined,
        _connections: 2,
        _handle: [Object],
        _usingSlaves: false,
        _slaves: [],
        _unref: false,
        allowHalfOpen: true,
        pauseOnConnect: false,
        httpAllowHalfOpen: false,
        timeout: 120000,
        keepAliveTimeout: 5000,
        _pendingResponseData: 0,
        maxHeadersCount: null,
        _connectionKey: '6::::4000',
        [Symbol(asyncId)]: 589 },
     _server: 
      Server {
        domain: null,
        _events: [Object],
        _eventsCount: 5,
        _maxListeners: undefined,
        _connections: 2,
        _handle: [Object],
        _usingSlaves: false,
        _slaves: [],
        _unref: false,
        allowHalfOpen: true,
        pauseOnConnect: false,
        httpAllowHalfOpen: false,
        timeout: 120000,
        keepAliveTimeout: 5000,
        _pendingResponseData: 0,
        maxHeadersCount: null,
        _connectionKey: '6::::4000',
        [Symbol(asyncId)]: 589 },
     _idleTimeout: 120000,
     _idleNext: 
      TimersList {
        _idleNext: [Circular],
        _idlePrev: [Circular],
        _timer: [Object],
        _unrefed: true,
        msecs: 120000,
        nextTick: false },
     _idlePrev: 
      TimersList {
        _idleNext: [Circular],
        _idlePrev: [Circular],
        _timer: [Object],
        _unrefed: true,
        msecs: 120000,
        nextTick: false },
     _idleStart: 15217,
     _destroyed: false,
     parser: 
      HTTPParser {
        '0': [Function: parserOnHeaders],
        '1': [Function: parserOnHeadersComplete],
        '2': [Function: parserOnBody],
        '3': [Function: parserOnMessageComplete],
        '4': [Function: bound onParserExecute],
        _headers: [],
        _url: '',
        _consumed: true,
        socket: [Circular],
        incoming: [Circular],
        outgoing: null,
        maxHeaderPairs: 2000,
        onIncoming: [Function: bound parserOnIncoming] },
     on: [Function: socketOnWrap],
     _paused: false,
     read: [Function],
     _consuming: true,
     _httpMessage: 
      ServerResponse {
        domain: null,
        _events: [Object],
        _eventsCount: 1,
        _maxListeners: undefined,
        output: [],
        outputEncodings: [],
        outputCallbacks: [],
        outputSize: 0,
        writable: true,
        _last: false,
        upgrading: false,
        chunkedEncoding: false,
        shouldKeepAlive: true,
        useChunkedEncodingByDefault: true,
        sendDate: true,
        _removedConnection: false,
        _removedContLen: false,
        _removedTE: false,
        _contentLength: null,
        _hasBody: true,
        _trailer: '',
        finished: false,
        _headerSent: false,
        socket: [Circular],
        connection: [Circular],
        _header: null,
        _onPendingData: [Function: bound updateOutgoingData],
        _sent100: false,
        _expect_continue: false,
        req: [Circular],
        locals: {},
        [Symbol(outHeadersKey)]: [Object] },
     [Symbol(asyncId)]: 609,
     [Symbol(bytesRead)]: 0,
     [Symbol(asyncId)]: 610,
     [Symbol(triggerAsyncId)]: 609 },
  httpVersionMajor: 1,
  httpVersionMinor: 1,
  httpVersion: '1.1',
  complete: false,
  headers: 
   { host: 'localhost:4000',
     connection: 'keep-alive',
     'content-length': '112',
     origin: 'http://localhost:3000',
     'x-token': 'eyJhbGciOiJIUzI1NiIsInR5cCI6IkpXVCJ9.eyJ1c2VyIjp7InVuaXRpZCI6IjcifSwiaWF0IjoxNTI1NzcwMzE0LCJleHAiOjE1MjU4MTM1MTR9.4kMwojfE2vvuJzjuLJcqfCqAgnl9Bn5dMSc96SIo8Zg',
     'x-refresh-token': 'eyJhbGciOiJIUzI1NiIsInR5cCI6IkpXVCJ9.eyJ1c2VyIjp7InVuaXRpZCI6IjcifSwiaWF0IjoxNTI1NzcwMzE0LCJleHAiOjE1MjYzNzUxMTR9.Iz8NXUJlPQv6bxZxQlbQ7oh0BgkTrlXXukWGmxxedcw',
     'user-agent': 'Mozilla/5.0 (X11; Linux x86_64) AppleWebKit/537.36 (KHTML, like Gecko) Ubuntu Chromium/65.0.3325.181 Chrome/65.0.3325.181 Safari/537.36',
     'content-type': 'application/json',
     accept: '*/*',
     referer: 'http://localhost:3000/marketplace',
     'accept-encoding': 'gzip, deflate, br',
     'accept-language': 'de-DE,de;q=0.9,en-US;q=0.8,en;q=0.7' },
  rawHeaders: 
   [ 'Host',
     'localhost:4000',
     'Connection',
     'keep-alive',
     'Content-Length',
     '112',
     'Origin',
     'http://localhost:3000',
     'x-token',
     'eyJhbGciOiJIUzI1NiIsInR5cCI6IkpXVCJ9.eyJ1c2VyIjp7InVuaXRpZCI6IjcifSwiaWF0IjoxNTI1NzcwMzE0LCJleHAiOjE1MjU4MTM1MTR9.4kMwojfE2vvuJzjuLJcqfCqAgnl9Bn5dMSc96SIo8Zg',
     'x-refresh-token',
     'eyJhbGciOiJIUzI1NiIsInR5cCI6IkpXVCJ9.eyJ1c2VyIjp7InVuaXRpZCI6IjcifSwiaWF0IjoxNTI1NzcwMzE0LCJleHAiOjE1MjYzNzUxMTR9.Iz8NXUJlPQv6bxZxQlbQ7oh0BgkTrlXXukWGmxxedcw',
     'User-Agent',
     'Mozilla/5.0 (X11; Linux x86_64) AppleWebKit/537.36 (KHTML, like Gecko) Ubuntu Chromium/65.0.3325.181 Chrome/65.0.3325.181 Safari/537.36',
     'content-type',
     'application/json',
     'accept',
     '*/*',
     'Referer',
     'http://localhost:3000/marketplace',
     'Accept-Encoding',
     'gzip, deflate, br',
     'Accept-Language',
     'de-DE,de;q=0.9,en-US;q=0.8,en;q=0.7' ],
  trailers: {},
  rawTrailers: [],
  upgrade: false,
  url: '/graphql',
  method: 'POST',
  statusCode: null,
  statusMessage: null,
  client: 
   Socket {
     connecting: false,
     _hadError: false,
     _handle: 
      TCP {
        reading: true,
        owner: [Circular],
        onread: [Function: onread],
        onconnection: null,
        writeQueueSize: 0,
        _consumed: true },
     _parent: null,
     _host: null,
     _readableState: 
      ReadableState {
        objectMode: false,
        highWaterMark: 16384,
        buffer: [Object],
        length: 0,
        pipes: null,
        pipesCount: 0,
        flowing: true,
        ended: false,
        endEmitted: false,
        reading: true,
        sync: false,
        needReadable: true,
        emittedReadable: false,
        readableListening: false,
        resumeScheduled: false,
        destroyed: false,
        defaultEncoding: 'utf8',
        awaitDrain: 0,
        readingMore: false,
        decoder: null,
        encoding: null },
     readable: true,
     domain: null,
     _events: 
      { end: [Array],
        finish: [Function: onSocketFinish],
        _socketEnd: [Function: onSocketEnd],
        drain: [Array],
        timeout: [Function: socketOnTimeout],
        data: [Function: bound socketOnData],
        error: [Function: socketOnError],
        close: [Array],
        resume: [Function: onSocketResume],
        pause: [Function: onSocketPause] },
     _eventsCount: 10,
     _maxListeners: undefined,
     _writableState: 
      WritableState {
        objectMode: false,
        highWaterMark: 16384,
        finalCalled: false,
        needDrain: false,
        ending: false,
        ended: false,
        finished: false,
        destroyed: false,
        decodeStrings: false,
        defaultEncoding: 'utf8',
        length: 0,
        writing: false,
        corked: 0,
        sync: false,
        bufferProcessing: false,
        onwrite: [Function: bound onwrite],
        writecb: null,
        writelen: 0,
        bufferedRequest: null,
        lastBufferedRequest: null,
        pendingcb: 0,
        prefinished: false,
        errorEmitted: false,
        bufferedRequestCount: 0,
        corkedRequestsFree: [Object] },
     writable: true,
     allowHalfOpen: true,
     _bytesDispatched: 1234,
     _sockname: null,
     _pendingData: null,
     _pendingEncoding: '',
     server: 
      Server {
        domain: null,
        _events: [Object],
        _eventsCount: 5,
        _maxListeners: undefined,
        _connections: 2,
        _handle: [Object],
        _usingSlaves: false,
        _slaves: [],
        _unref: false,
        allowHalfOpen: true,
        pauseOnConnect: false,
        httpAllowHalfOpen: false,
        timeout: 120000,
        keepAliveTimeout: 5000,
        _pendingResponseData: 0,
        maxHeadersCount: null,
        _connectionKey: '6::::4000',
        [Symbol(asyncId)]: 589 },
     _server: 
      Server {
        domain: null,
        _events: [Object],
        _eventsCount: 5,
        _maxListeners: undefined,
        _connections: 2,
        _handle: [Object],
        _usingSlaves: false,
        _slaves: [],
        _unref: false,
        allowHalfOpen: true,
        pauseOnConnect: false,
        httpAllowHalfOpen: false,
        timeout: 120000,
        keepAliveTimeout: 5000,
        _pendingResponseData: 0,
        maxHeadersCount: null,
        _connectionKey: '6::::4000',
        [Symbol(asyncId)]: 589 },
     _idleTimeout: 120000,
     _idleNext: 
      TimersList {
        _idleNext: [Circular],
        _idlePrev: [Circular],
        _timer: [Object],
        _unrefed: true,
        msecs: 120000,
        nextTick: false },
     _idlePrev: 
      TimersList {
        _idleNext: [Circular],
        _idlePrev: [Circular],
        _timer: [Object],
        _unrefed: true,
        msecs: 120000,
        nextTick: false },
     _idleStart: 15217,
     _destroyed: false,
     parser: 
      HTTPParser {
        '0': [Function: parserOnHeaders],
        '1': [Function: parserOnHeadersComplete],
        '2': [Function: parserOnBody],
        '3': [Function: parserOnMessageComplete],
        '4': [Function: bound onParserExecute],
        _headers: [],
        _url: '',
        _consumed: true,
        socket: [Circular],
        incoming: [Circular],
        outgoing: null,
        maxHeaderPairs: 2000,
        onIncoming: [Function: bound parserOnIncoming] },
     on: [Function: socketOnWrap],
     _paused: false,
     read: [Function],
     _consuming: true,
     _httpMessage: 
      ServerResponse {
        domain: null,
        _events: [Object],
        _eventsCount: 1,
        _maxListeners: undefined,
        output: [],
        outputEncodings: [],
        outputCallbacks: [],
        outputSize: 0,
        writable: true,
        _last: false,
        upgrading: false,
        chunkedEncoding: false,
        shouldKeepAlive: true,
        useChunkedEncodingByDefault: true,
        sendDate: true,
        _removedConnection: false,
        _removedContLen: false,
        _removedTE: false,
        _contentLength: null,
        _hasBody: true,
        _trailer: '',
        finished: false,
        _headerSent: false,
        socket: [Circular],
        connection: [Circular],
        _header: null,
        _onPendingData: [Function: bound updateOutgoingData],
        _sent100: false,
        _expect_continue: false,
        req: [Circular],
        locals: {},
        [Symbol(outHeadersKey)]: [Object] },
     [Symbol(asyncId)]: 609,
     [Symbol(bytesRead)]: 0,
     [Symbol(asyncId)]: 610,
     [Symbol(triggerAsyncId)]: 609 },
  _consuming: false,
  _dumped: false,
  next: [Function: next],
  baseUrl: '',
  originalUrl: '/graphql',
  _parsedUrl: 
   Url {
     protocol: null,
     slashes: null,
     auth: null,
     host: null,
     port: null,
     hostname: null,
     hash: null,
     search: null,
     query: null,
     pathname: '/graphql',
     path: '/graphql',
     href: '/graphql',
     _raw: '/graphql' },
  params: {},
  query: {},
  res: 
   ServerResponse {
     domain: null,
     _events: { finish: [Function: bound resOnFinish] },
     _eventsCount: 1,
     _maxListeners: undefined,
     output: [],
     outputEncodings: [],
     outputCallbacks: [],
     outputSize: 0,
     writable: true,
     _last: false,
     upgrading: false,
     chunkedEncoding: false,
     shouldKeepAlive: true,
     useChunkedEncodingByDefault: true,
     sendDate: true,
     _removedConnection: false,
     _removedContLen: false,
     _removedTE: false,
     _contentLength: null,
     _hasBody: true,
     _trailer: '',
     finished: false,
     _headerSent: false,
     socket: 
      Socket {
        connecting: false,
        _hadError: false,
        _handle: [Object],
        _parent: null,
        _host: null,
        _readableState: [Object],
        readable: true,
        domain: null,
        _events: [Object],
        _eventsCount: 10,
        _maxListeners: undefined,
        _writableState: [Object],
        writable: true,
        allowHalfOpen: true,
        _bytesDispatched: 1234,
        _sockname: null,
        _pendingData: null,
        _pendingEncoding: '',
        server: [Object],
        _server: [Object],
        _idleTimeout: 120000,
        _idleNext: [Object],
        _idlePrev: [Object],
        _idleStart: 15217,
        _destroyed: false,
        parser: [Object],
        on: [Function: socketOnWrap],
        _paused: false,
        read: [Function],
        _consuming: true,
        _httpMessage: [Circular],
        [Symbol(asyncId)]: 609,
        [Symbol(bytesRead)]: 0,
        [Symbol(asyncId)]: 610,
        [Symbol(triggerAsyncId)]: 609 },
     connection: 
      Socket {
        connecting: false,
        _hadError: false,
        _handle: [Object],
        _parent: null,
        _host: null,
        _readableState: [Object],
        readable: true,
        domain: null,
        _events: [Object],
        _eventsCount: 10,
        _maxListeners: undefined,
        _writableState: [Object],
        writable: true,
        allowHalfOpen: true,
        _bytesDispatched: 1234,
        _sockname: null,
        _pendingData: null,
        _pendingEncoding: '',
        server: [Object],
        _server: [Object],
        _idleTimeout: 120000,
        _idleNext: [Object],
        _idlePrev: [Object],
        _idleStart: 15217,
        _destroyed: false,
        parser: [Object],
        on: [Function: socketOnWrap],
        _paused: false,
        read: [Function],
        _consuming: true,
        _httpMessage: [Circular],
        [Symbol(asyncId)]: 609,
        [Symbol(bytesRead)]: 0,
        [Symbol(asyncId)]: 610,
        [Symbol(triggerAsyncId)]: 609 },
     _header: null,
     _onPendingData: [Function: bound updateOutgoingData],
     _sent100: false,
     _expect_continue: false,
     req: [Circular],
     locals: {},
     [Symbol(outHeadersKey)]: { 'x-powered-by': [Array] } } }
eyJhbGciOiJIUzI1NiIsInR5cCI6IkpXVCJ9.eyJ1c2VyIjp7InVuaXRpZCI6IjcifSwiaWF0IjoxNTI1NzcwMzE0LCJleHAiOjE1MjU4MTM1MTR9.4kMwojfE2vvuJzjuLJcqfCqAgnl9Bn5dMSc96SIo8Zg
Executing (default): SELECT "id", "firstname", "middlename", "lastname", "title", "sex", "birthday", "resetoption", "language", "banned", "deleted", "suspended", "profilepicture", "riskvalue", "createdate", "payingoptions", "position", "emails" FROM "users_view" AS "users_view" WHERE "users_view"."id" = '7';
